
1 496813446
1003 131158869
2001 443834976

3002 834534985

4002 636665538

5004 900223397

6001 243966477

7001 434235179

8001 732258264

9001 910611168

10003 503353404

11001 176382187

12001 390754765

13003 115682100

14003 147614423

15001 546963072

16003 853269472

17001 220110484



255004 469407345

254002 458673436

253001 171849995

252001 267841655

251001 280138969

250002 572595014

249002 542642216

248005 25982746

247001 400757934

246002 869406121

245001 567695339
56001 971443240


18006 772806634

19005 892541836

20001 794221210

21003 745722634

22002 850457858

23003 174935446

24001 536144829

25001 829961373

26001 224214851

27002 988021688

28001 858526482

29001 916322464

30001 468501784

31002 367935516

32005 543662772

33001 587139582

34001 212915426

35001 402200322

36001 757761674

37005 734049180

38002 466624148

39001 158495665
40002 519213400
41005 258576295
42001 512095458
43003 935518749
44003 205425905
45001 152322294
46004 576409635
47001 20731155
48001 931870662
49004 877545432
50002 744862702
51001 171425346
52003 782975419
53001 572865528
54002 431074628
55002 837382235
244002 647405008
243003 171184083
242001 724446623
241004 151019772
240001 222703241
239001 146938354
238001 716336105
237003 241206981
236004 824792491
235002 530641907
234002 424671286
233007 203435861
232001 479652216
231004 122754978
230001 489198659
229003 993349473
228002 11607521
227002 867235930
226001 544767880
225004 790855789
224004 489072172
223001 862223667
222001 733343336
221002 94498080
220003 226439035
219001 25043035
218003 316720768
217001 505622308
216002 278237884
215003 168318570
214001 680217945
213003 457082482
212001 428595023
211001 625364974
210001 384700548
209002 863873981
208002 10504587
207002 287479715
206001 447685136
205001 452980047
204002 885483445
203003 982928806
202001 468837587
201002 392033028
200002 892639466
199003 603549145
198004 107214886

197002 917517007
 196002 962065049
 195001 618538040
 194001 939568278
 193002 508220695
 192001 202511983
 191003 355310979
 190001 449839825
 189002 959063157
 188003 287595088
 187001 748224279
 186004 273172351
 185004 312346543
 184001 856788970
 183001 350739949
 182001 20590490
 181003 653709267
 180001 338012182
 179001 114158743
 178001 928371470
 177001 456052450
 176003 232120344
 175001 976527245
 174001 179708751
 173002 31946542
 172002 635474357
 171001 659669515
 170001 655107723
 169001 569593822
 168002 645097663
 167001 149799468
 166001 226732428
 165002 450911841
 164002 59841712
 163001 421067576
 162003 908207245
 
 161004 761351600
 160001 162909088
 159004 514218021
 158001 508787684
 157001 839975379
 156001 657752538
 155001 897800470
 154001 290988113
 153001 197487878
 152002 227467980
 151003 23062247
 150002 162596209
 149001 870486733
 148001 96182156
 147003 483980608
 146001 243235490
 145001 29197622
 144001 406631967
 
57001 598069041
58001 778666744
59001 852850447
60004 559930921
61002 85299395
62001 844428896
63001 346336275
64004 622524412
65002 898969928
66002 689832825
67001 756416546
68002 278062249
69001 304099455
70002 95521123
71001 149790588
72001 516297041
73004 9366434
74001 669985398
75001 439596808
76001 607361934
77001 62524268
78002 821525577
79002 69809081
80001 295110051
81002 785806263
82002 317803757
83003 672440518
84002 786639828
85002 385064657
86003 601528852
87004 263348241
88001 609717947
89004 858282189
90001 527662932
91003 137054542
92001 995253782
93006 489381645
94001 794190001
95003 476251412
96001 942328861
97001 381826150
98006 454788141
99003 643534542
100002 319335497
101001 296752905
102003 130093672
103001 505731519
104002 626080250
105006 540289050
106003 328959683
107002 185131970
108001 421449093
109002 427314661
110002 754550113
111001 649105851
112002 960214156

143001 806025934
142002 793903406
141005 266356632
140001 308351303
139001 491402748
138001 55083503
137001 104486472
136004 488317808
135001 838108277
134001 220233306
133001 227977831
132001 373710703
131001 293117518
130002 644186660
129001 356806199
128003 475200291
127008 59952876
126002 986738490
125001 116349145
124002 696553710
123002 249474535
122001 441865007
121002 228089860
120001 923265769
119003 821419392
118003 467128278
117005 632946084
116001 186634769
115002 547516258
114001 407908494
113003 804423913
112002 960214156
 