Sekretaris Daerah
Asisten
Staf Ahli Bupati/Walikota
Sekretaris DPRD
Kepala Dinas
Kepala Badan
Direktur RS Umum Daerah Kelas A dan B
Kepala Kantor
Camat
Kepala Bagian
Sekretaris pada Dinas/ Badan/Inspektorat
Kepala Bidang
Inspektur Pembantu
Direktur RS Umum Kelas C
Direktur RS Khusus Kelas B
Wakil Direktur RS Umum Kelas A dan B
Wakil Direktur RS Khusus Kelas A
Kepala Bidang pada Dinas dan Badan
Kepala Bagian dan Kepala Bidang pada RS Umum Daerah
Direktur RS Umum Daerah Kelas D
Sekretaris Camat
Lurah
Kepala Subbagian
Kepala Subbidang
Kepala Seksi
Kepala UPT Dinas dan Badan
Sekretaris Kelurahan
Kepala Seksi pada Kelurahan
Kepala Subbagian pada UPT
Kepala Subbagian pada Sekretariat Kecamatan
Kepala TU Sekolah Menengah Kejuruan
Kepala TU Sekolah Lanjutan Tingkat Pertama
Kepala TU Sekolah Menengah Umum
Panitera 
Juru Sita dan Juru Sita Pengganti 
Pranata Hubungan Masyarakat 
Peneliti 
Perekayasa dan Teknisi Penelitian dan Perekayasaan 
Penyuluh Pertanian
Pengendali Organisme Pengganggu Tumbuhan
Pengawas Benih Tanaman
Pengawas Bibit Ternak
Medik Veteriner
Pengawas Perikanan
Pengendali Hama dan Penyakit Ikan
Pengawas Benih Ikan 
Penyuluh Kehutanan 
Pengendali Ekosistem Hutan 
Pengendali Dampak Lingkungan 
Teknik Pengairan, Teknik Jalan dan Jembatan
Teknik Tata bangunan dan Perumahan
Teknik Penyehatan Lingkungan 
Surveyor Pemetaan 
Penyelidik Bumi 
Pranata Komputer 
Statistisi 
Pemeriksa Paten dan Pemeriksa Merek 
Perantara Hubungan Industrial 
Perancang Peraturan Perundang-undangan 
Perencana 
Analis Kepegawaian 
Arsiparis dan Pustakawan 
Agen 
Polisi Kehutanan 
Penyuluh Agama 
Pengawas Ketenagakerjaan 
Pengawas Farmasi dan Makanan 
Pemeriksa Pajak
Pemeriksa Bea dan Cukai
Penilai Pajak Bumi dan Bangunan 
Dokter
Dokter Gigi
Apoteker
Asisten Apoteker
Pranata Laboratorium Kesehatan
Epidemiolog Kesehatan
Entomolog Kesehatan
Sanitarian
Administrator Kesehatan
Penyuluh Kesehatan Masyarakat
Perawat Gigi
Nutrisionis
Bidan
Perawat
Radiografer
Perekam Medis
Teknisi Elektromedis 
Pranata Nuklir 
Pengamat Meteorologi dan Geofisika 
Pengawas Radiasi 
Instruktur 
Widyaiswara 
Penyuluh Perindustrian dan Perdagangan 
Pekerja Sosial 
Pengantar Kerja 
Penggerak Swadaya Masyarakat 
Penyuluh Keluarga Berencana 
Tenaga Kependidikan 
Dosen 
Auditor 
Pengamat Gunung Api 
Teknik Siaran
Andalan Siaran
Adikara Siaran 
Teknisi Penerbangan 
Penguji Mutu Barang dan Penera 
Pranata Laboratorium Pendidikan 
