INSERT INTO rumpun (id, nama, nomor_urut, created_at, updated_at, status) VALUES ('1', 'Fisika, Kimia dan yang berkaitan ', '1', CURRENT_TIMESTAMP, NULL, 1);
INSERT INTO rumpun (id, nama, nomor_urut, created_at, updated_at, status) VALUES ('2', 'Matematika, Statistik dan yang berkaitan ', '2', CURRENT_TIMESTAMP, NULL, 1);
INSERT INTO rumpun (id, nama, nomor_urut, created_at, updated_at, status) VALUES ('3', 'Kekomputeran ', '3', CURRENT_TIMESTAMP, NULL, 1);
INSERT INTO rumpun (id, nama, nomor_urut, created_at, updated_at, status) VALUES ('4', 'Arsitek, Insinyur dan yang berkaitan ', '4', CURRENT_TIMESTAMP, NULL, 1);
INSERT INTO rumpun (id, nama, nomor_urut, created_at, updated_at, status) VALUES ('5', 'Penelitian dan perekayasaan ', '5', CURRENT_TIMESTAMP, NULL, 1);
INSERT INTO rumpun (id, nama, nomor_urut, created_at, updated_at, status) VALUES ('6', 'Ilmu Hayat ', '6', CURRENT_TIMESTAMP, NULL, 1);
INSERT INTO rumpun (id, nama, nomor_urut, created_at, updated_at, status) VALUES ('7', 'Kesehatan ', '7', CURRENT_TIMESTAMP, NULL, 1);
INSERT INTO rumpun (id, nama, nomor_urut, created_at, updated_at, status) VALUES ('8', 'Pendidikan Tingkat Pendidikan Tinggi ', '8', CURRENT_TIMESTAMP, NULL, 1);
INSERT INTO rumpun (id, nama, nomor_urut, created_at, updated_at, status) VALUES ('9', 'Pendidikan Tingkat Taman Kanak-kanak, Dasar, Lanjutan dan Sekolah Khusus ', '9', CURRENT_TIMESTAMP, NULL, 1);
INSERT INTO rumpun (id, nama, nomor_urut, created_at, updated_at, status) VALUES ('10', 'Pendidikan Lainnya ', '10', CURRENT_TIMESTAMP, NULL, 1);
INSERT INTO rumpun (id, nama, nomor_urut, created_at, updated_at, status) VALUES ('11', 'Rumpun Operator Alat-alat Optik dan Elektronik ', '11', CURRENT_TIMESTAMP, NULL, 1);
INSERT INTO rumpun (id, nama, nomor_urut, created_at, updated_at, status) VALUES ('12', 'Teknisi dan Pengontrol Kapal dan Pesawat ', '12', CURRENT_TIMESTAMP, NULL, 1);
INSERT INTO rumpun (id, nama, nomor_urut, created_at, updated_at, status) VALUES ('13', 'Pengawas Kualitas dan Keamanan ', '13', CURRENT_TIMESTAMP, NULL, 1);
INSERT INTO rumpun (id, nama, nomor_urut, created_at, updated_at, status) VALUES ('14', 'Akuntan dan Anggaran ', '14', CURRENT_TIMESTAMP, NULL, 1);
INSERT INTO rumpun (id, nama, nomor_urut, created_at, updated_at, status) VALUES ('15', 'Asisten Profesional yang berhubungan dengan Keuangan dan Penjualan ', '15', CURRENT_TIMESTAMP, NULL, 1);
INSERT INTO rumpun (id, nama, nomor_urut, created_at, updated_at, status) VALUES ('16', 'Imigrasi, Pajak Dan Asisten Profesional yang berkaitan ', '16', CURRENT_TIMESTAMP, NULL, 1);
INSERT INTO rumpun (id, nama, nomor_urut, created_at, updated_at, status) VALUES ('17', 'Manajemen ', '17', CURRENT_TIMESTAMP, NULL, 1);
INSERT INTO rumpun (id, nama, nomor_urut, created_at, updated_at, status) VALUES ('18', 'Hukum Dan Peradilan ', '18', CURRENT_TIMESTAMP, NULL, 1);
INSERT INTO rumpun (id, nama, nomor_urut, created_at, updated_at, status) VALUES ('19', 'Hak Cipta, Paten dan Merek ', '19', CURRENT_TIMESTAMP, NULL, 1);
INSERT INTO rumpun (id, nama, nomor_urut, created_at, updated_at, status) VALUES ('20', 'Penyidik dan Detektif ', '20', CURRENT_TIMESTAMP, NULL, 1);
INSERT INTO rumpun (id, nama, nomor_urut, created_at, updated_at, status) VALUES ('21', 'Arsiparis, Pustakawan dan yang berkaitan ', '21', CURRENT_TIMESTAMP, NULL, 1);
INSERT INTO rumpun (id, nama, nomor_urut, created_at, updated_at, status) VALUES ('22', 'Ilmu Sosial dan yang berkaitan ', '22', CURRENT_TIMESTAMP, NULL, 1);
INSERT INTO rumpun (id, nama, nomor_urut, created_at, updated_at, status) VALUES ('23', 'Penerangan dan Seni Budaya ', '23', CURRENT_TIMESTAMP, NULL, 1);
INSERT INTO rumpun (id, nama, nomor_urut, created_at, updated_at, status) VALUES ('24', 'Keagamaan ', '24', CURRENT_TIMESTAMP, NULL, 1);
INSERT INTO rumpun (id, nama, nomor_urut, created_at, updated_at, status) VALUES ('25', 'Politik dan Hubungan Luar Negeri ', '25', CURRENT_TIMESTAMP, NULL, 1);
