INSERT INTO kecamatan (id, nama, alamat_kantor, id_pengurus, id_kota, created_at, updated_at, status) VALUES ('1', 'Andir ', 'Jalan Ganesha 10 Bandung', '1', '0', CURRENT_TIMESTAMP, NULL,1);
INSERT INTO kelurahan (id, nama, alamat_kantor, id_pengurus, id_kecamatan, created_at, updated_at, status) VALUES ('1', 'Kebon Jeruk ', 'Jalan Ganesha 10 Bandung', '1', '1', CURRENT_TIMESTAMP, NULL,1);
INSERT INTO kelurahan (id, nama, alamat_kantor, id_pengurus, id_kecamatan, created_at, updated_at, status) VALUES ('2', 'Ciroyom ', 'Jalan Ganesha 10 Bandung', '1', '1', CURRENT_TIMESTAMP, NULL,1);
INSERT INTO kelurahan (id, nama, alamat_kantor, id_pengurus, id_kecamatan, created_at, updated_at, status) VALUES ('3', 'Dungus Cariang ', 'Jalan Ganesha 10 Bandung', '1', '1', CURRENT_TIMESTAMP, NULL,1);
INSERT INTO kelurahan (id, nama, alamat_kantor, id_pengurus, id_kecamatan, created_at, updated_at, status) VALUES ('4', 'Campaka ', 'Jalan Ganesha 10 Bandung', '1', '1', CURRENT_TIMESTAMP, NULL,1);
INSERT INTO kelurahan (id, nama, alamat_kantor, id_pengurus, id_kecamatan, created_at, updated_at, status) VALUES ('5', 'Garuda ', 'Jalan Ganesha 10 Bandung', '1', '1', CURRENT_TIMESTAMP, NULL,1);
INSERT INTO kelurahan (id, nama, alamat_kantor, id_pengurus, id_kecamatan, created_at, updated_at, status) VALUES ('6', 'Maleber ', 'Jalan Ganesha 10 Bandung', '1', '1', CURRENT_TIMESTAMP, NULL,1);
INSERT INTO kecamatan (id, nama, alamat_kantor, id_pengurus, id_kota, created_at, updated_at, status) VALUES ('2', 'Antapani / Cicadas ', 'Jalan Ganesha 10 Bandung', '1', '0', CURRENT_TIMESTAMP, NULL,1);
INSERT INTO kelurahan (id, nama, alamat_kantor, id_pengurus, id_kecamatan, created_at, updated_at, status) VALUES ('7', 'Antapani Kidul ', 'Jalan Ganesha 10 Bandung', '1', '2', CURRENT_TIMESTAMP, NULL,1);
INSERT INTO kelurahan (id, nama, alamat_kantor, id_pengurus, id_kecamatan, created_at, updated_at, status) VALUES ('8', 'Antapani Kulon ', 'Jalan Ganesha 10 Bandung', '1', '2', CURRENT_TIMESTAMP, NULL,1);
INSERT INTO kelurahan (id, nama, alamat_kantor, id_pengurus, id_kecamatan, created_at, updated_at, status) VALUES ('9', 'Antapani Tengah ', 'Jalan Ganesha 10 Bandung', '1', '2', CURRENT_TIMESTAMP, NULL,1);
INSERT INTO kelurahan (id, nama, alamat_kantor, id_pengurus, id_kecamatan, created_at, updated_at, status) VALUES ('10', 'Antapani Wetan ', 'Jalan Ganesha 10 Bandung', '1', '2', CURRENT_TIMESTAMP, NULL,1);
INSERT INTO kecamatan (id, nama, alamat_kantor, id_pengurus, id_kota, created_at, updated_at, status) VALUES ('3', 'Arcamanik ', 'Jalan Ganesha 10 Bandung', '1', '0', CURRENT_TIMESTAMP, NULL,1);
INSERT INTO kelurahan (id, nama, alamat_kantor, id_pengurus, id_kecamatan, created_at, updated_at, status) VALUES ('11', 'Cisaranten Endah ', 'Jalan Ganesha 10 Bandung', '1', '3', CURRENT_TIMESTAMP, NULL,1);
INSERT INTO kelurahan (id, nama, alamat_kantor, id_pengurus, id_kecamatan, created_at, updated_at, status) VALUES ('12', 'Cisaranten Kulon ', 'Jalan Ganesha 10 Bandung', '1', '3', CURRENT_TIMESTAMP, NULL,1);
INSERT INTO kelurahan (id, nama, alamat_kantor, id_pengurus, id_kecamatan, created_at, updated_at, status) VALUES ('13', 'Sindang Jaya ', 'Jalan Ganesha 10 Bandung', '1', '3', CURRENT_TIMESTAMP, NULL,1);
INSERT INTO kelurahan (id, nama, alamat_kantor, id_pengurus, id_kecamatan, created_at, updated_at, status) VALUES ('14', 'Sukamiskin ', 'Jalan Ganesha 10 Bandung', '1', '3', CURRENT_TIMESTAMP, NULL,1);
INSERT INTO kelurahan (id, nama, alamat_kantor, id_pengurus, id_kecamatan, created_at, updated_at, status) VALUES ('15', 'Cisarenten Bina Harapan ', 'Jalan Ganesha 10 Bandung', '1', '3', CURRENT_TIMESTAMP, NULL,1);
INSERT INTO kecamatan (id, nama, alamat_kantor, id_pengurus, id_kota, created_at, updated_at, status) VALUES ('4', 'Astana Anyar ', 'Jalan Ganesha 10 Bandung', '1', '0', CURRENT_TIMESTAMP, NULL,1);
INSERT INTO kelurahan (id, nama, alamat_kantor, id_pengurus, id_kecamatan, created_at, updated_at, status) VALUES ('16', 'Cibadak ', 'Jalan Ganesha 10 Bandung', '1', '4', CURRENT_TIMESTAMP, NULL,1);
INSERT INTO kelurahan (id, nama, alamat_kantor, id_pengurus, id_kecamatan, created_at, updated_at, status) VALUES ('17', 'Karanganyar ', 'Jalan Ganesha 10 Bandung', '1', '4', CURRENT_TIMESTAMP, NULL,1);
INSERT INTO kelurahan (id, nama, alamat_kantor, id_pengurus, id_kecamatan, created_at, updated_at, status) VALUES ('18', 'Nyengseret ', 'Jalan Ganesha 10 Bandung', '1', '4', CURRENT_TIMESTAMP, NULL,1);
INSERT INTO kelurahan (id, nama, alamat_kantor, id_pengurus, id_kecamatan, created_at, updated_at, status) VALUES ('19', 'Panjunan ', 'Jalan Ganesha 10 Bandung', '1', '4', CURRENT_TIMESTAMP, NULL,1);
INSERT INTO kelurahan (id, nama, alamat_kantor, id_pengurus, id_kecamatan, created_at, updated_at, status) VALUES ('20', 'Karasak ', 'Jalan Ganesha 10 Bandung', '1', '4', CURRENT_TIMESTAMP, NULL,1);
INSERT INTO kelurahan (id, nama, alamat_kantor, id_pengurus, id_kecamatan, created_at, updated_at, status) VALUES ('21', 'Pelindung Hewan ', 'Jalan Ganesha 10 Bandung', '1', '4', CURRENT_TIMESTAMP, NULL,1);
INSERT INTO kecamatan (id, nama, alamat_kantor, id_pengurus, id_kota, created_at, updated_at, status) VALUES ('5', 'Babakan Ciparay ', 'Jalan Ganesha 10 Bandung', '1', '0', CURRENT_TIMESTAMP, NULL,1);
INSERT INTO kelurahan (id, nama, alamat_kantor, id_pengurus, id_kecamatan, created_at, updated_at, status) VALUES ('22', 'Sukahaji ', 'Jalan Ganesha 10 Bandung', '1', '5', CURRENT_TIMESTAMP, NULL,1);
INSERT INTO kelurahan (id, nama, alamat_kantor, id_pengurus, id_kecamatan, created_at, updated_at, status) VALUES ('23', 'Babakan ', 'Jalan Ganesha 10 Bandung', '1', '5', CURRENT_TIMESTAMP, NULL,1);
INSERT INTO kelurahan (id, nama, alamat_kantor, id_pengurus, id_kecamatan, created_at, updated_at, status) VALUES ('24', 'Babakan Ciparay ', 'Jalan Ganesha 10 Bandung', '1', '5', CURRENT_TIMESTAMP, NULL,1);
INSERT INTO kelurahan (id, nama, alamat_kantor, id_pengurus, id_kecamatan, created_at, updated_at, status) VALUES ('25', 'Margahayu Utara ', 'Jalan Ganesha 10 Bandung', '1', '5', CURRENT_TIMESTAMP, NULL,1);
INSERT INTO kelurahan (id, nama, alamat_kantor, id_pengurus, id_kecamatan, created_at, updated_at, status) VALUES ('26', 'Margasuka ', 'Jalan Ganesha 10 Bandung', '1', '5', CURRENT_TIMESTAMP, NULL,1);
INSERT INTO kelurahan (id, nama, alamat_kantor, id_pengurus, id_kecamatan, created_at, updated_at, status) VALUES ('27', 'Cirangrang ', 'Jalan Ganesha 10 Bandung', '1', '5', CURRENT_TIMESTAMP, NULL,1);
INSERT INTO kecamatan (id, nama, alamat_kantor, id_pengurus, id_kota, created_at, updated_at, status) VALUES ('6', 'Gunung Kidul ', 'Jalan Ganesha 10 Bandung', '1', '0', CURRENT_TIMESTAMP, NULL,1);
INSERT INTO kelurahan (id, nama, alamat_kantor, id_pengurus, id_kecamatan, created_at, updated_at, status) VALUES ('28', 'Wates ', 'Jalan Ganesha 10 Bandung', '1', '6', CURRENT_TIMESTAMP, NULL,1);
INSERT INTO kelurahan (id, nama, alamat_kantor, id_pengurus, id_kecamatan, created_at, updated_at, status) VALUES ('29', 'Batununggal ', 'Jalan Ganesha 10 Bandung', '1', '6', CURRENT_TIMESTAMP, NULL,1);
INSERT INTO kelurahan (id, nama, alamat_kantor, id_pengurus, id_kecamatan, created_at, updated_at, status) VALUES ('30', 'Mengger ', 'Jalan Ganesha 10 Bandung', '1', '6', CURRENT_TIMESTAMP, NULL,1);
INSERT INTO kelurahan (id, nama, alamat_kantor, id_pengurus, id_kecamatan, created_at, updated_at, status) VALUES ('31', 'Kujangsari ', 'Jalan Ganesha 10 Bandung', '1', '6', CURRENT_TIMESTAMP, NULL,1);
INSERT INTO kecamatan (id, nama, alamat_kantor, id_pengurus, id_kota, created_at, updated_at, status) VALUES ('7', 'Bandung Kulon ', 'Jalan Ganesha 10 Bandung', '1', '0', CURRENT_TIMESTAMP, NULL,1);
INSERT INTO kelurahan (id, nama, alamat_kantor, id_pengurus, id_kecamatan, created_at, updated_at, status) VALUES ('32', 'Warung Muncang ', 'Jalan Ganesha 10 Bandung', '1', '7', CURRENT_TIMESTAMP, NULL,1);
INSERT INTO kelurahan (id, nama, alamat_kantor, id_pengurus, id_kecamatan, created_at, updated_at, status) VALUES ('33', 'Caringin ', 'Jalan Ganesha 10 Bandung', '1', '7', CURRENT_TIMESTAMP, NULL,1);
INSERT INTO kelurahan (id, nama, alamat_kantor, id_pengurus, id_kecamatan, created_at, updated_at, status) VALUES ('34', 'Cibuntu ', 'Jalan Ganesha 10 Bandung', '1', '7', CURRENT_TIMESTAMP, NULL,1);
INSERT INTO kelurahan (id, nama, alamat_kantor, id_pengurus, id_kecamatan, created_at, updated_at, status) VALUES ('35', 'Cijerah ', 'Jalan Ganesha 10 Bandung', '1', '7', CURRENT_TIMESTAMP, NULL,1);
INSERT INTO kelurahan (id, nama, alamat_kantor, id_pengurus, id_kecamatan, created_at, updated_at, status) VALUES ('36', 'Cigondewah Kaler ', 'Jalan Ganesha 10 Bandung', '1', '7', CURRENT_TIMESTAMP, NULL,1);
INSERT INTO kelurahan (id, nama, alamat_kantor, id_pengurus, id_kecamatan, created_at, updated_at, status) VALUES ('37', 'Cigondewah Kidul ', 'Jalan Ganesha 10 Bandung', '1', '7', CURRENT_TIMESTAMP, NULL,1);
INSERT INTO kelurahan (id, nama, alamat_kantor, id_pengurus, id_kecamatan, created_at, updated_at, status) VALUES ('38', 'Cigondewah Rahayu ', 'Jalan Ganesha 10 Bandung', '1', '7', CURRENT_TIMESTAMP, NULL,1);
INSERT INTO kelurahan (id, nama, alamat_kantor, id_pengurus, id_kecamatan, created_at, updated_at, status) VALUES ('39', 'Gempolsari ', 'Jalan Ganesha 10 Bandung', '1', '7', CURRENT_TIMESTAMP, NULL,1);
INSERT INTO kecamatan (id, nama, alamat_kantor, id_pengurus, id_kota, created_at, updated_at, status) VALUES ('8', 'Bandung Wetan ', 'Jalan Ganesha 10 Bandung', '1', '0', CURRENT_TIMESTAMP, NULL,1);
INSERT INTO kelurahan (id, nama, alamat_kantor, id_pengurus, id_kecamatan, created_at, updated_at, status) VALUES ('40', 'Cihapit ', 'Jalan Ganesha 10 Bandung', '1', '8', CURRENT_TIMESTAMP, NULL,1);
INSERT INTO kelurahan (id, nama, alamat_kantor, id_pengurus, id_kecamatan, created_at, updated_at, status) VALUES ('41', 'Citarum ', 'Jalan Ganesha 10 Bandung', '1', '8', CURRENT_TIMESTAMP, NULL,1);
INSERT INTO kelurahan (id, nama, alamat_kantor, id_pengurus, id_kecamatan, created_at, updated_at, status) VALUES ('42', 'Tamansari ', 'Jalan Ganesha 10 Bandung', '1', '8', CURRENT_TIMESTAMP, NULL,1);
INSERT INTO kecamatan (id, nama, alamat_kantor, id_pengurus, id_kota, created_at, updated_at, status) VALUES ('9', 'Batununggal ', 'Jalan Ganesha 10 Bandung', '1', '0', CURRENT_TIMESTAMP, NULL,1);
INSERT INTO kelurahan (id, nama, alamat_kantor, id_pengurus, id_kecamatan, created_at, updated_at, status) VALUES ('43', 'Kacapiring ', 'Jalan Ganesha 10 Bandung', '1', '9', CURRENT_TIMESTAMP, NULL,1);
INSERT INTO kelurahan (id, nama, alamat_kantor, id_pengurus, id_kecamatan, created_at, updated_at, status) VALUES ('44', 'Kebonwaru ', 'Jalan Ganesha 10 Bandung', '1', '9', CURRENT_TIMESTAMP, NULL,1);
INSERT INTO kelurahan (id, nama, alamat_kantor, id_pengurus, id_kecamatan, created_at, updated_at, status) VALUES ('45', 'Cibangkong ', 'Jalan Ganesha 10 Bandung', '1', '9', CURRENT_TIMESTAMP, NULL,1);
INSERT INTO kelurahan (id, nama, alamat_kantor, id_pengurus, id_kecamatan, created_at, updated_at, status) VALUES ('46', 'Samoja ', 'Jalan Ganesha 10 Bandung', '1', '9', CURRENT_TIMESTAMP, NULL,1);
INSERT INTO kelurahan (id, nama, alamat_kantor, id_pengurus, id_kecamatan, created_at, updated_at, status) VALUES ('47', 'Kebon Gedang ', 'Jalan Ganesha 10 Bandung', '1', '9', CURRENT_TIMESTAMP, NULL,1);
INSERT INTO kelurahan (id, nama, alamat_kantor, id_pengurus, id_kecamatan, created_at, updated_at, status) VALUES ('48', 'Maleer ', 'Jalan Ganesha 10 Bandung', '1', '9', CURRENT_TIMESTAMP, NULL,1);
INSERT INTO kelurahan (id, nama, alamat_kantor, id_pengurus, id_kecamatan, created_at, updated_at, status) VALUES ('49', 'Binong ', 'Jalan Ganesha 10 Bandung', '1', '9', CURRENT_TIMESTAMP, NULL,1);
INSERT INTO kelurahan (id, nama, alamat_kantor, id_pengurus, id_kecamatan, created_at, updated_at, status) VALUES ('50', 'Gumuruh ', 'Jalan Ganesha 10 Bandung', '1', '9', CURRENT_TIMESTAMP, NULL,1);
INSERT INTO kecamatan (id, nama, alamat_kantor, id_pengurus, id_kota, created_at, updated_at, status) VALUES ('10', 'Bojongloa Kaler ', 'Jalan Ganesha 10 Bandung', '1', '0', CURRENT_TIMESTAMP, NULL,1);
INSERT INTO kelurahan (id, nama, alamat_kantor, id_pengurus, id_kecamatan, created_at, updated_at, status) VALUES ('51', 'Jamika ', 'Jalan Ganesha 10 Bandung', '1', '10', CURRENT_TIMESTAMP, NULL,1);
INSERT INTO kelurahan (id, nama, alamat_kantor, id_pengurus, id_kecamatan, created_at, updated_at, status) VALUES ('52', 'Suka Asih ', 'Jalan Ganesha 10 Bandung', '1', '10', CURRENT_TIMESTAMP, NULL,1);
INSERT INTO kelurahan (id, nama, alamat_kantor, id_pengurus, id_kecamatan, created_at, updated_at, status) VALUES ('53', 'Babakan Asih ', 'Jalan Ganesha 10 Bandung', '1', '10', CURRENT_TIMESTAMP, NULL,1);
INSERT INTO kelurahan (id, nama, alamat_kantor, id_pengurus, id_kecamatan, created_at, updated_at, status) VALUES ('54', 'Babakan Tarogong ', 'Jalan Ganesha 10 Bandung', '1', '10', CURRENT_TIMESTAMP, NULL,1);
INSERT INTO kelurahan (id, nama, alamat_kantor, id_pengurus, id_kecamatan, created_at, updated_at, status) VALUES ('55', 'Kopo ', 'Jalan Ganesha 10 Bandung', '1', '10', CURRENT_TIMESTAMP, NULL,1);
INSERT INTO kecamatan (id, nama, alamat_kantor, id_pengurus, id_kota, created_at, updated_at, status) VALUES ('11', 'Bojongloa Kidul ', 'Jalan Ganesha 10 Bandung', '1', '0', CURRENT_TIMESTAMP, NULL,1);
INSERT INTO kelurahan (id, nama, alamat_kantor, id_pengurus, id_kecamatan, created_at, updated_at, status) VALUES ('56', 'Situsaeur ', 'Jalan Ganesha 10 Bandung', '1', '11', CURRENT_TIMESTAMP, NULL,1);
INSERT INTO kelurahan (id, nama, alamat_kantor, id_pengurus, id_kecamatan, created_at, updated_at, status) VALUES ('57', 'Kebon Lega ', 'Jalan Ganesha 10 Bandung', '1', '11', CURRENT_TIMESTAMP, NULL,1);
INSERT INTO kelurahan (id, nama, alamat_kantor, id_pengurus, id_kecamatan, created_at, updated_at, status) VALUES ('58', 'Cibaduyut ', 'Jalan Ganesha 10 Bandung', '1', '11', CURRENT_TIMESTAMP, NULL,1);
INSERT INTO kelurahan (id, nama, alamat_kantor, id_pengurus, id_kecamatan, created_at, updated_at, status) VALUES ('59', 'Mekarwangi ', 'Jalan Ganesha 10 Bandung', '1', '11', CURRENT_TIMESTAMP, NULL,1);
INSERT INTO kelurahan (id, nama, alamat_kantor, id_pengurus, id_kecamatan, created_at, updated_at, status) VALUES ('60', 'Cibaduyut Wetan ', 'Jalan Ganesha 10 Bandung', '1', '11', CURRENT_TIMESTAMP, NULL,1);
INSERT INTO kelurahan (id, nama, alamat_kantor, id_pengurus, id_kecamatan, created_at, updated_at, status) VALUES ('61', 'Cibaduyut Kidul ', 'Jalan Ganesha 10 Bandung', '1', '11', CURRENT_TIMESTAMP, NULL,1);
INSERT INTO kecamatan (id, nama, alamat_kantor, id_pengurus, id_kota, created_at, updated_at, status) VALUES ('12', 'Buahbatu / Margacinta ', 'Jalan Ganesha 10 Bandung', '1', '0', CURRENT_TIMESTAMP, NULL,1);
INSERT INTO kelurahan (id, nama, alamat_kantor, id_pengurus, id_kecamatan, created_at, updated_at, status) VALUES ('62', 'Jatisari ', 'Jalan Ganesha 10 Bandung', '1', '12', CURRENT_TIMESTAMP, NULL,1);
INSERT INTO kelurahan (id, nama, alamat_kantor, id_pengurus, id_kecamatan, created_at, updated_at, status) VALUES ('63', 'Margasari ', 'Jalan Ganesha 10 Bandung', '1', '12', CURRENT_TIMESTAMP, NULL,1);
INSERT INTO kelurahan (id, nama, alamat_kantor, id_pengurus, id_kecamatan, created_at, updated_at, status) VALUES ('64', 'Sekejati ', 'Jalan Ganesha 10 Bandung', '1', '12', CURRENT_TIMESTAMP, NULL,1);
INSERT INTO kelurahan (id, nama, alamat_kantor, id_pengurus, id_kecamatan, created_at, updated_at, status) VALUES ('65', 'Cijaura ', 'Jalan Ganesha 10 Bandung', '1', '12', CURRENT_TIMESTAMP, NULL,1);
INSERT INTO kecamatan (id, nama, alamat_kantor, id_pengurus, id_kota, created_at, updated_at, status) VALUES ('13', 'Cibeunying Kaler ', 'Jalan Ganesha 10 Bandung', '1', '0', CURRENT_TIMESTAMP, NULL,1);
INSERT INTO kelurahan (id, nama, alamat_kantor, id_pengurus, id_kecamatan, created_at, updated_at, status) VALUES ('66', 'Cihaur Geulis ', 'Jalan Ganesha 10 Bandung', '1', '13', CURRENT_TIMESTAMP, NULL,1);
INSERT INTO kelurahan (id, nama, alamat_kantor, id_pengurus, id_kecamatan, created_at, updated_at, status) VALUES ('67', 'Sukaluyu ', 'Jalan Ganesha 10 Bandung', '1', '13', CURRENT_TIMESTAMP, NULL,1);
INSERT INTO kelurahan (id, nama, alamat_kantor, id_pengurus, id_kecamatan, created_at, updated_at, status) VALUES ('68', 'Neglasari ', 'Jalan Ganesha 10 Bandung', '1', '13', CURRENT_TIMESTAMP, NULL,1);
INSERT INTO kelurahan (id, nama, alamat_kantor, id_pengurus, id_kecamatan, created_at, updated_at, status) VALUES ('69', 'Cigadung ', 'Jalan Ganesha 10 Bandung', '1', '13', CURRENT_TIMESTAMP, NULL,1);
INSERT INTO kecamatan (id, nama, alamat_kantor, id_pengurus, id_kota, created_at, updated_at, status) VALUES ('14', 'Cibeunying Kidul ', 'Jalan Ganesha 10 Bandung', '1', '0', CURRENT_TIMESTAMP, NULL,1);
INSERT INTO kelurahan (id, nama, alamat_kantor, id_pengurus, id_kecamatan, created_at, updated_at, status) VALUES ('70', 'Cicadas ', 'Jalan Ganesha 10 Bandung', '1', '14', CURRENT_TIMESTAMP, NULL,1);
INSERT INTO kelurahan (id, nama, alamat_kantor, id_pengurus, id_kecamatan, created_at, updated_at, status) VALUES ('71', 'Sukamaju ', 'Jalan Ganesha 10 Bandung', '1', '14', CURRENT_TIMESTAMP, NULL,1);
INSERT INTO kelurahan (id, nama, alamat_kantor, id_pengurus, id_kecamatan, created_at, updated_at, status) VALUES ('72', 'Cikutra ', 'Jalan Ganesha 10 Bandung', '1', '14', CURRENT_TIMESTAMP, NULL,1);
INSERT INTO kelurahan (id, nama, alamat_kantor, id_pengurus, id_kecamatan, created_at, updated_at, status) VALUES ('73', 'Padasuka ', 'Jalan Ganesha 10 Bandung', '1', '14', CURRENT_TIMESTAMP, NULL,1);
INSERT INTO kelurahan (id, nama, alamat_kantor, id_pengurus, id_kecamatan, created_at, updated_at, status) VALUES ('74', 'Sukapada ', 'Jalan Ganesha 10 Bandung', '1', '14', CURRENT_TIMESTAMP, NULL,1);
INSERT INTO kelurahan (id, nama, alamat_kantor, id_pengurus, id_kecamatan, created_at, updated_at, status) VALUES ('75', 'Pasirlayung ', 'Jalan Ganesha 10 Bandung', '1', '14', CURRENT_TIMESTAMP, NULL,1);
INSERT INTO kecamatan (id, nama, alamat_kantor, id_pengurus, id_kota, created_at, updated_at, status) VALUES ('15', 'Cibiru ', 'Jalan Ganesha 10 Bandung', '1', '0', CURRENT_TIMESTAMP, NULL,1);
INSERT INTO kelurahan (id, nama, alamat_kantor, id_pengurus, id_kecamatan, created_at, updated_at, status) VALUES ('76', 'Cipadung ', 'Jalan Ganesha 10 Bandung', '1', '15', CURRENT_TIMESTAMP, NULL,1);
INSERT INTO kelurahan (id, nama, alamat_kantor, id_pengurus, id_kecamatan, created_at, updated_at, status) VALUES ('77', 'Cisurupan ', 'Jalan Ganesha 10 Bandung', '1', '15', CURRENT_TIMESTAMP, NULL,1);
INSERT INTO kelurahan (id, nama, alamat_kantor, id_pengurus, id_kecamatan, created_at, updated_at, status) VALUES ('78', 'Palasari ', 'Jalan Ganesha 10 Bandung', '1', '15', CURRENT_TIMESTAMP, NULL,1);
INSERT INTO kelurahan (id, nama, alamat_kantor, id_pengurus, id_kecamatan, created_at, updated_at, status) VALUES ('79', 'Pasirbiru ', 'Jalan Ganesha 10 Bandung', '1', '15', CURRENT_TIMESTAMP, NULL,1);
INSERT INTO kecamatan (id, nama, alamat_kantor, id_pengurus, id_kota, created_at, updated_at, status) VALUES ('16', 'Cicendo ', 'Jalan Ganesha 10 Bandung', '1', '0', CURRENT_TIMESTAMP, NULL,1);
INSERT INTO kelurahan (id, nama, alamat_kantor, id_pengurus, id_kecamatan, created_at, updated_at, status) VALUES ('80', 'Pasir Kaliki ', 'Jalan Ganesha 10 Bandung', '1', '16', CURRENT_TIMESTAMP, NULL,1);
INSERT INTO kelurahan (id, nama, alamat_kantor, id_pengurus, id_kecamatan, created_at, updated_at, status) VALUES ('81', 'Arjuna ', 'Jalan Ganesha 10 Bandung', '1', '16', CURRENT_TIMESTAMP, NULL,1);
INSERT INTO kelurahan (id, nama, alamat_kantor, id_pengurus, id_kecamatan, created_at, updated_at, status) VALUES ('82', 'Pajajaran ', 'Jalan Ganesha 10 Bandung', '1', '16', CURRENT_TIMESTAMP, NULL,1);
INSERT INTO kelurahan (id, nama, alamat_kantor, id_pengurus, id_kecamatan, created_at, updated_at, status) VALUES ('83', 'Pamoyanan ', 'Jalan Ganesha 10 Bandung', '1', '16', CURRENT_TIMESTAMP, NULL,1);
INSERT INTO kelurahan (id, nama, alamat_kantor, id_pengurus, id_kecamatan, created_at, updated_at, status) VALUES ('84', 'Husen Sastranegara ', 'Jalan Ganesha 10 Bandung', '1', '16', CURRENT_TIMESTAMP, NULL,1);
INSERT INTO kelurahan (id, nama, alamat_kantor, id_pengurus, id_kecamatan, created_at, updated_at, status) VALUES ('85', 'Sukaraja ', 'Jalan Ganesha 10 Bandung', '1', '16', CURRENT_TIMESTAMP, NULL,1);
INSERT INTO kecamatan (id, nama, alamat_kantor, id_pengurus, id_kota, created_at, updated_at, status) VALUES ('17', 'Cidadap ', 'Jalan Ganesha 10 Bandung', '1', '0', CURRENT_TIMESTAMP, NULL,1);
INSERT INTO kelurahan (id, nama, alamat_kantor, id_pengurus, id_kecamatan, created_at, updated_at, status) VALUES ('86', 'Hegarmanah ', 'Jalan Ganesha 10 Bandung', '1', '17', CURRENT_TIMESTAMP, NULL,1);
INSERT INTO kelurahan (id, nama, alamat_kantor, id_pengurus, id_kecamatan, created_at, updated_at, status) VALUES ('87', 'Ciumbuleuit ', 'Jalan Ganesha 10 Bandung', '1', '17', CURRENT_TIMESTAMP, NULL,1);
INSERT INTO kelurahan (id, nama, alamat_kantor, id_pengurus, id_kecamatan, created_at, updated_at, status) VALUES ('88', 'Ledeng ', 'Jalan Ganesha 10 Bandung', '1', '17', CURRENT_TIMESTAMP, NULL,1);
INSERT INTO kecamatan (id, nama, alamat_kantor, id_pengurus, id_kota, created_at, updated_at, status) VALUES ('18', 'Cinambo ', 'Jalan Ganesha 10 Bandung', '1', '0', CURRENT_TIMESTAMP, NULL,1);
INSERT INTO kelurahan (id, nama, alamat_kantor, id_pengurus, id_kecamatan, created_at, updated_at, status) VALUES ('89', 'Babakan Penghulu ', 'Jalan Ganesha 10 Bandung', '1', '18', CURRENT_TIMESTAMP, NULL,1);
INSERT INTO kelurahan (id, nama, alamat_kantor, id_pengurus, id_kecamatan, created_at, updated_at, status) VALUES ('90', 'Cisaranten Wetan ', 'Jalan Ganesha 10 Bandung', '1', '18', CURRENT_TIMESTAMP, NULL,1);
INSERT INTO kelurahan (id, nama, alamat_kantor, id_pengurus, id_kecamatan, created_at, updated_at, status) VALUES ('91', 'Pakemitan ', 'Jalan Ganesha 10 Bandung', '1', '18', CURRENT_TIMESTAMP, NULL,1);
INSERT INTO kelurahan (id, nama, alamat_kantor, id_pengurus, id_kecamatan, created_at, updated_at, status) VALUES ('92', 'Sukamulya ', 'Jalan Ganesha 10 Bandung', '1', '18', CURRENT_TIMESTAMP, NULL,1);
INSERT INTO kecamatan (id, nama, alamat_kantor, id_pengurus, id_kota, created_at, updated_at, status) VALUES ('19', 'Coblong ', 'Jalan Ganesha 10 Bandung', '1', '0', CURRENT_TIMESTAMP, NULL,1);
INSERT INTO kelurahan (id, nama, alamat_kantor, id_pengurus, id_kecamatan, created_at, updated_at, status) VALUES ('93', 'Cipaganti ', 'Jalan Ganesha 10 Bandung', '1', '19', CURRENT_TIMESTAMP, NULL,1);
INSERT INTO kelurahan (id, nama, alamat_kantor, id_pengurus, id_kecamatan, created_at, updated_at, status) VALUES ('94', 'Lebak Gede ', 'Jalan Ganesha 10 Bandung', '1', '19', CURRENT_TIMESTAMP, NULL,1);
INSERT INTO kelurahan (id, nama, alamat_kantor, id_pengurus, id_kecamatan, created_at, updated_at, status) VALUES ('95', 'Lebak Siliwangi ', 'Jalan Ganesha 10 Bandung', '1', '19', CURRENT_TIMESTAMP, NULL,1);
INSERT INTO kelurahan (id, nama, alamat_kantor, id_pengurus, id_kecamatan, created_at, updated_at, status) VALUES ('96', 'Sadang Serang ', 'Jalan Ganesha 10 Bandung', '1', '19', CURRENT_TIMESTAMP, NULL,1);
INSERT INTO kelurahan (id, nama, alamat_kantor, id_pengurus, id_kecamatan, created_at, updated_at, status) VALUES ('97', 'Sekeloa ', 'Jalan Ganesha 10 Bandung', '1', '19', CURRENT_TIMESTAMP, NULL,1);
INSERT INTO kelurahan (id, nama, alamat_kantor, id_pengurus, id_kecamatan, created_at, updated_at, status) VALUES ('98', 'Dago ', 'Jalan Ganesha 10 Bandung', '1', '19', CURRENT_TIMESTAMP, NULL,1);
INSERT INTO kecamatan (id, nama, alamat_kantor, id_pengurus, id_kota, created_at, updated_at, status) VALUES ('20', 'Gedebage ', 'Jalan Ganesha 10 Bandung', '1', '0', CURRENT_TIMESTAMP, NULL,1);
INSERT INTO kelurahan (id, nama, alamat_kantor, id_pengurus, id_kecamatan, created_at, updated_at, status) VALUES ('99', 'Cimenerang ', 'Jalan Ganesha 10 Bandung', '1', '20', CURRENT_TIMESTAMP, NULL,1);
INSERT INTO kelurahan (id, nama, alamat_kantor, id_pengurus, id_kecamatan, created_at, updated_at, status) VALUES ('100', 'Cisaranten Kidul ', 'Jalan Ganesha 10 Bandung', '1', '20', CURRENT_TIMESTAMP, NULL,1);
INSERT INTO kelurahan (id, nama, alamat_kantor, id_pengurus, id_kecamatan, created_at, updated_at, status) VALUES ('101', 'Rancabalong ', 'Jalan Ganesha 10 Bandung', '1', '20', CURRENT_TIMESTAMP, NULL,1);
INSERT INTO kelurahan (id, nama, alamat_kantor, id_pengurus, id_kecamatan, created_at, updated_at, status) VALUES ('102', 'Rancanumpang ', 'Jalan Ganesha 10 Bandung', '1', '20', CURRENT_TIMESTAMP, NULL,1);
INSERT INTO kecamatan (id, nama, alamat_kantor, id_pengurus, id_kota, created_at, updated_at, status) VALUES ('21', 'Kiaracondong ', 'Jalan Ganesha 10 Bandung', '1', '0', CURRENT_TIMESTAMP, NULL,1);
INSERT INTO kelurahan (id, nama, alamat_kantor, id_pengurus, id_kecamatan, created_at, updated_at, status) VALUES ('103', 'Babakan Surabaya ', 'Jalan Ganesha 10 Bandung', '1', '21', CURRENT_TIMESTAMP, NULL,1);
INSERT INTO kelurahan (id, nama, alamat_kantor, id_pengurus, id_kecamatan, created_at, updated_at, status) VALUES ('104', 'Kebun Jayanti ', 'Jalan Ganesha 10 Bandung', '1', '21', CURRENT_TIMESTAMP, NULL,1);
INSERT INTO kelurahan (id, nama, alamat_kantor, id_pengurus, id_kecamatan, created_at, updated_at, status) VALUES ('105', 'Cicaheum ', 'Jalan Ganesha 10 Bandung', '1', '21', CURRENT_TIMESTAMP, NULL,1);
INSERT INTO kelurahan (id, nama, alamat_kantor, id_pengurus, id_kecamatan, created_at, updated_at, status) VALUES ('106', 'Babakan Sari ', 'Jalan Ganesha 10 Bandung', '1', '21', CURRENT_TIMESTAMP, NULL,1);
INSERT INTO kelurahan (id, nama, alamat_kantor, id_pengurus, id_kecamatan, created_at, updated_at, status) VALUES ('107', 'Kebon Kangkung ', 'Jalan Ganesha 10 Bandung', '1', '21', CURRENT_TIMESTAMP, NULL,1);
INSERT INTO kelurahan (id, nama, alamat_kantor, id_pengurus, id_kecamatan, created_at, updated_at, status) VALUES ('108', 'Sukapura ', 'Jalan Ganesha 10 Bandung', '1', '21', CURRENT_TIMESTAMP, NULL,1);
INSERT INTO kecamatan (id, nama, alamat_kantor, id_pengurus, id_kota, created_at, updated_at, status) VALUES ('22', 'Lengkong ', 'Jalan Ganesha 10 Bandung', '1', '0', CURRENT_TIMESTAMP, NULL,1);
INSERT INTO kelurahan (id, nama, alamat_kantor, id_pengurus, id_kecamatan, created_at, updated_at, status) VALUES ('109', 'Cikawao ', 'Jalan Ganesha 10 Bandung', '1', '22', CURRENT_TIMESTAMP, NULL,1);
INSERT INTO kelurahan (id, nama, alamat_kantor, id_pengurus, id_kecamatan, created_at, updated_at, status) VALUES ('110', 'Paledang ', 'Jalan Ganesha 10 Bandung', '1', '22', CURRENT_TIMESTAMP, NULL,1);
INSERT INTO kelurahan (id, nama, alamat_kantor, id_pengurus, id_kecamatan, created_at, updated_at, status) VALUES ('111', 'Burangrang ', 'Jalan Ganesha 10 Bandung', '1', '22', CURRENT_TIMESTAMP, NULL,1);
INSERT INTO kelurahan (id, nama, alamat_kantor, id_pengurus, id_kecamatan, created_at, updated_at, status) VALUES ('112', 'Malabar ', 'Jalan Ganesha 10 Bandung', '1', '22', CURRENT_TIMESTAMP, NULL,1);
INSERT INTO kelurahan (id, nama, alamat_kantor, id_pengurus, id_kecamatan, created_at, updated_at, status) VALUES ('113', 'Lingkar Selatan ', 'Jalan Ganesha 10 Bandung', '1', '22', CURRENT_TIMESTAMP, NULL,1);
INSERT INTO kelurahan (id, nama, alamat_kantor, id_pengurus, id_kecamatan, created_at, updated_at, status) VALUES ('114', 'Turangga ', 'Jalan Ganesha 10 Bandung', '1', '22', CURRENT_TIMESTAMP, NULL,1);
INSERT INTO kelurahan (id, nama, alamat_kantor, id_pengurus, id_kecamatan, created_at, updated_at, status) VALUES ('115', 'Cijagra ', 'Jalan Ganesha 10 Bandung', '1', '22', CURRENT_TIMESTAMP, NULL,1);
INSERT INTO kecamatan (id, nama, alamat_kantor, id_pengurus, id_kota, created_at, updated_at, status) VALUES ('23', 'Mandala Jati ', 'Jalan Ganesha 10 Bandung', '1', '0', CURRENT_TIMESTAMP, NULL,1);
INSERT INTO kelurahan (id, nama, alamat_kantor, id_pengurus, id_kecamatan, created_at, updated_at, status) VALUES ('116', 'Jatihandap ', 'Jalan Ganesha 10 Bandung', '1', '23', CURRENT_TIMESTAMP, NULL,1);
INSERT INTO kelurahan (id, nama, alamat_kantor, id_pengurus, id_kecamatan, created_at, updated_at, status) VALUES ('117', 'Karang Pamulang ', 'Jalan Ganesha 10 Bandung', '1', '23', CURRENT_TIMESTAMP, NULL,1);
INSERT INTO kelurahan (id, nama, alamat_kantor, id_pengurus, id_kecamatan, created_at, updated_at, status) VALUES ('118', 'Pasir Impun ', 'Jalan Ganesha 10 Bandung', '1', '23', CURRENT_TIMESTAMP, NULL,1);
INSERT INTO kelurahan (id, nama, alamat_kantor, id_pengurus, id_kecamatan, created_at, updated_at, status) VALUES ('119', 'Sindang Jaya ', 'Jalan Ganesha 10 Bandung', '1', '23', CURRENT_TIMESTAMP, NULL,1);
INSERT INTO kecamatan (id, nama, alamat_kantor, id_pengurus, id_kota, created_at, updated_at, status) VALUES ('24', 'Panyileukan ', 'Jalan Ganesha 10 Bandung', '1', '0', CURRENT_TIMESTAMP, NULL,1);
INSERT INTO kelurahan (id, nama, alamat_kantor, id_pengurus, id_kecamatan, created_at, updated_at, status) VALUES ('120', 'Cipadung Kidul ', 'Jalan Ganesha 10 Bandung', '1', '24', CURRENT_TIMESTAMP, NULL,1);
INSERT INTO kelurahan (id, nama, alamat_kantor, id_pengurus, id_kecamatan, created_at, updated_at, status) VALUES ('121', 'Cipadung Kulon ', 'Jalan Ganesha 10 Bandung', '1', '24', CURRENT_TIMESTAMP, NULL,1);
INSERT INTO kelurahan (id, nama, alamat_kantor, id_pengurus, id_kecamatan, created_at, updated_at, status) VALUES ('122', 'Cipadung Wetan ', 'Jalan Ganesha 10 Bandung', '1', '24', CURRENT_TIMESTAMP, NULL,1);
INSERT INTO kelurahan (id, nama, alamat_kantor, id_pengurus, id_kecamatan, created_at, updated_at, status) VALUES ('123', 'Mekarmulya ', 'Jalan Ganesha 10 Bandung', '1', '24', CURRENT_TIMESTAMP, NULL,1);
INSERT INTO kecamatan (id, nama, alamat_kantor, id_pengurus, id_kota, created_at, updated_at, status) VALUES ('25', 'Rancasari ', 'Jalan Ganesha 10 Bandung', '1', '0', CURRENT_TIMESTAMP, NULL,1);
INSERT INTO kelurahan (id, nama, alamat_kantor, id_pengurus, id_kecamatan, created_at, updated_at, status) VALUES ('124', 'Cipamokolan ', 'Jalan Ganesha 10 Bandung', '1', '25', CURRENT_TIMESTAMP, NULL,1);
INSERT INTO kelurahan (id, nama, alamat_kantor, id_pengurus, id_kecamatan, created_at, updated_at, status) VALUES ('125', 'Darwati ', 'Jalan Ganesha 10 Bandung', '1', '25', CURRENT_TIMESTAMP, NULL,1);
INSERT INTO kelurahan (id, nama, alamat_kantor, id_pengurus, id_kecamatan, created_at, updated_at, status) VALUES ('126', 'Mekar Mulya ', 'Jalan Ganesha 10 Bandung', '1', '25', CURRENT_TIMESTAMP, NULL,1);
INSERT INTO kelurahan (id, nama, alamat_kantor, id_pengurus, id_kecamatan, created_at, updated_at, status) VALUES ('127', 'Manjahlega ', 'Jalan Ganesha 10 Bandung', '1', '25', CURRENT_TIMESTAMP, NULL,1);
INSERT INTO kecamatan (id, nama, alamat_kantor, id_pengurus, id_kota, created_at, updated_at, status) VALUES ('26', 'Regol ', 'Jalan Ganesha 10 Bandung', '1', '0', CURRENT_TIMESTAMP, NULL,1);
INSERT INTO kelurahan (id, nama, alamat_kantor, id_pengurus, id_kecamatan, created_at, updated_at, status) VALUES ('128', 'Balong Gede ', 'Jalan Ganesha 10 Bandung', '1', '26', CURRENT_TIMESTAMP, NULL,1);
INSERT INTO kelurahan (id, nama, alamat_kantor, id_pengurus, id_kecamatan, created_at, updated_at, status) VALUES ('129', 'Ciateul ', 'Jalan Ganesha 10 Bandung', '1', '26', CURRENT_TIMESTAMP, NULL,1);
INSERT INTO kelurahan (id, nama, alamat_kantor, id_pengurus, id_kecamatan, created_at, updated_at, status) VALUES ('130', 'Pungkur ', 'Jalan Ganesha 10 Bandung', '1', '26', CURRENT_TIMESTAMP, NULL,1);
INSERT INTO kelurahan (id, nama, alamat_kantor, id_pengurus, id_kecamatan, created_at, updated_at, status) VALUES ('131', 'Cigereleng ', 'Jalan Ganesha 10 Bandung', '1', '26', CURRENT_TIMESTAMP, NULL,1);
INSERT INTO kelurahan (id, nama, alamat_kantor, id_pengurus, id_kecamatan, created_at, updated_at, status) VALUES ('132', 'Ancol ', 'Jalan Ganesha 10 Bandung', '1', '26', CURRENT_TIMESTAMP, NULL,1);
INSERT INTO kelurahan (id, nama, alamat_kantor, id_pengurus, id_kecamatan, created_at, updated_at, status) VALUES ('133', 'Pasirluyu ', 'Jalan Ganesha 10 Bandung', '1', '26', CURRENT_TIMESTAMP, NULL,1);
INSERT INTO kelurahan (id, nama, alamat_kantor, id_pengurus, id_kecamatan, created_at, updated_at, status) VALUES ('134', 'Ciseureuh ', 'Jalan Ganesha 10 Bandung', '1', '26', CURRENT_TIMESTAMP, NULL,1);
INSERT INTO kecamatan (id, nama, alamat_kantor, id_pengurus, id_kota, created_at, updated_at, status) VALUES ('27', 'Sukajadi ', 'Jalan Ganesha 10 Bandung', '1', '0', CURRENT_TIMESTAMP, NULL,1);
INSERT INTO kelurahan (id, nama, alamat_kantor, id_pengurus, id_kecamatan, created_at, updated_at, status) VALUES ('135', 'Pasteur ', 'Jalan Ganesha 10 Bandung', '1', '27', CURRENT_TIMESTAMP, NULL,1);
INSERT INTO kelurahan (id, nama, alamat_kantor, id_pengurus, id_kecamatan, created_at, updated_at, status) VALUES ('136', 'Cipedes ', 'Jalan Ganesha 10 Bandung', '1', '27', CURRENT_TIMESTAMP, NULL,1);
INSERT INTO kelurahan (id, nama, alamat_kantor, id_pengurus, id_kecamatan, created_at, updated_at, status) VALUES ('137', 'Sukabungah ', 'Jalan Ganesha 10 Bandung', '1', '27', CURRENT_TIMESTAMP, NULL,1);
INSERT INTO kelurahan (id, nama, alamat_kantor, id_pengurus, id_kecamatan, created_at, updated_at, status) VALUES ('138', 'Sukagalih ', 'Jalan Ganesha 10 Bandung', '1', '27', CURRENT_TIMESTAMP, NULL,1);
INSERT INTO kelurahan (id, nama, alamat_kantor, id_pengurus, id_kecamatan, created_at, updated_at, status) VALUES ('139', 'Sukawarna ', 'Jalan Ganesha 10 Bandung', '1', '27', CURRENT_TIMESTAMP, NULL,1);
INSERT INTO kelurahan (id, nama, alamat_kantor, id_pengurus, id_kecamatan, created_at, updated_at, status) VALUES ('140', 'Sarijadi ', 'Jalan Ganesha 10 Bandung', '1', '27', CURRENT_TIMESTAMP, NULL,1);
INSERT INTO kelurahan (id, nama, alamat_kantor, id_pengurus, id_kecamatan, created_at, updated_at, status) VALUES ('141', 'Sukarasa ', 'Jalan Ganesha 10 Bandung', '1', '27', CURRENT_TIMESTAMP, NULL,1);
INSERT INTO kelurahan (id, nama, alamat_kantor, id_pengurus, id_kecamatan, created_at, updated_at, status) VALUES ('142', 'Geger Kalong ', 'Jalan Ganesha 10 Bandung', '1', '27', CURRENT_TIMESTAMP, NULL,1);
INSERT INTO kelurahan (id, nama, alamat_kantor, id_pengurus, id_kecamatan, created_at, updated_at, status) VALUES ('143', 'Isola ', 'Jalan Ganesha 10 Bandung', '1', '27', CURRENT_TIMESTAMP, NULL,1);
INSERT INTO kecamatan (id, nama, alamat_kantor, id_pengurus, id_kota, created_at, updated_at, status) VALUES ('28', 'Sumur Bandung ', 'Jalan Ganesha 10 Bandung', '1', '0', CURRENT_TIMESTAMP, NULL,1);
INSERT INTO kelurahan (id, nama, alamat_kantor, id_pengurus, id_kecamatan, created_at, updated_at, status) VALUES ('144', 'Braga ', 'Jalan Ganesha 10 Bandung', '1', '28', CURRENT_TIMESTAMP, NULL,1);
INSERT INTO kelurahan (id, nama, alamat_kantor, id_pengurus, id_kecamatan, created_at, updated_at, status) VALUES ('145', 'Kebon Pisang ', 'Jalan Ganesha 10 Bandung', '1', '28', CURRENT_TIMESTAMP, NULL,1);
INSERT INTO kelurahan (id, nama, alamat_kantor, id_pengurus, id_kecamatan, created_at, updated_at, status) VALUES ('146', 'Merdeka ', 'Jalan Ganesha 10 Bandung', '1', '28', CURRENT_TIMESTAMP, NULL,1);
INSERT INTO kelurahan (id, nama, alamat_kantor, id_pengurus, id_kecamatan, created_at, updated_at, status) VALUES ('147', 'Babakan Ciamis ', 'Jalan Ganesha 10 Bandung', '1', '28', CURRENT_TIMESTAMP, NULL,1);
INSERT INTO kecamatan (id, nama, alamat_kantor, id_pengurus, id_kota, created_at, updated_at, status) VALUES ('29', 'Ujung Berung ', 'Jalan Ganesha 10 Bandung', '1', '0', CURRENT_TIMESTAMP, NULL,1);
INSERT INTO kelurahan (id, nama, alamat_kantor, id_pengurus, id_kecamatan, created_at, updated_at, status) VALUES ('148', 'Cigending ', 'Jalan Ganesha 10 Bandung', '1', '29', CURRENT_TIMESTAMP, NULL,1);
INSERT INTO kelurahan (id, nama, alamat_kantor, id_pengurus, id_kecamatan, created_at, updated_at, status) VALUES ('149', 'Ujung Berung ', 'Jalan Ganesha 10 Bandung', '1', '29', CURRENT_TIMESTAMP, NULL,1);
INSERT INTO kelurahan (id, nama, alamat_kantor, id_pengurus, id_kecamatan, created_at, updated_at, status) VALUES ('150', 'Pasirjati ', 'Jalan Ganesha 10 Bandung', '1', '29', CURRENT_TIMESTAMP, NULL,1);
INSERT INTO kelurahan (id, nama, alamat_kantor, id_pengurus, id_kecamatan, created_at, updated_at, status) VALUES ('151', 'Pasanggrahan ', 'Jalan Ganesha 10 Bandung', '1', '29', CURRENT_TIMESTAMP, NULL,1);
INSERT INTO kelurahan (id, nama, alamat_kantor, id_pengurus, id_kecamatan, created_at, updated_at, status) VALUES ('152', 'Pasirwangi ', 'Jalan Ganesha 10 Bandung', '1', '29', CURRENT_TIMESTAMP, NULL,1);
INSERT INTO kelurahan (id, nama, alamat_kantor, id_pengurus, id_kecamatan, created_at, updated_at, status) VALUES ('153', 'Pasir Endah ', 'Jalan Ganesha 10 Bandung', '1', '29', CURRENT_TIMESTAMP, NULL,1);
