Asisten Administrasi Perekonomian dan Pembangunan
Asisten Administrasi Umum
Asisten Pemerintahan
Badan Kepegawaian Daerah
Badan Kesatuan Bangsa, Perlindungan dan Pemberdayaan Masyarakat
Badan Pelayanan Perizinan Terpadu
Badan Pemberdayaan Perempuan dan Keluarga Berencana
Badan Pengelola Lingkungan Hidup
Badan Perencanaan Pembangunan Daerah
Bagian Hukum dan HAM
Bagian Kesejahteraan Rakyat dan Kemasyarakatan
Bagian Organisasi dan Pemberdayaan Aparatur Daerah
Bagian Pembangunan dan Sumber Daya Alam (BPSDA)
Bagian Pemerintahan Umum
Bagian Tata Usaha Setda
Bagian Umum dan Perlengkapan
Dinas Bina Marga dan Pengairan
Dinas Kebudayaan dan Pariwisata
Dinas Kependudukan dan Pencatatan Sipil
Dinas Kesehatan
Dinas Komunikasi dan Informatika
Dinas Koperasi, UKM dan Perindustrian Perdagangan
Dinas Pelayanan Pajak Kota Bandung
Dinas Pemakaman dan Pertamanan
Dinas Pemuda dan Olah Raga
Dinas Pencegahan dan Penanggulangan Kebakaran
Dinas Pendidikan
Dinas Pengelolaan Keuangan dan Aset Daerah
Dinas Perhubungan
Dinas Pertanian dan Ketahanan Pangan
Dinas Sosial
Dinas Tata Ruang dan Cipta Karya
Dinas Tenaga Kerja
Inspektorat
Kantor Perpustakaan Umum & Arsip Daerah
PD Air Minum Tirtawening
PD Bank Perkreditan Rakyat Kota Bandung
PD Kebersihan
PD Pasar Bermartabat
Rumah Sakit Khusus Gigi dan Mulut Kota Bandung
Rumah Sakit Khusus Ibu dan Anak
Rumah Sakit Umum Daerah Kota Bandung
Satuan Polisi Pamong Praja
