INSERT INTO skpd (id, nama, created_at, updated_at, status) VALUES ('1', 'Asisten Administrasi Perekonomian dan Pembangunan', CURRENT_TIMESTAMP, NULL,1);
INSERT INTO skpd (id, nama, created_at, updated_at, status) VALUES ('2', 'Asisten Administrasi Umum', CURRENT_TIMESTAMP, NULL,1);
INSERT INTO skpd (id, nama, created_at, updated_at, status) VALUES ('3', 'Asisten Pemerintahan', CURRENT_TIMESTAMP, NULL,1);
INSERT INTO skpd (id, nama, created_at, updated_at, status) VALUES ('4', 'Badan Kepegawaian Daerah', CURRENT_TIMESTAMP, NULL,1);
INSERT INTO skpd (id, nama, created_at, updated_at, status) VALUES ('5', 'Badan Kesatuan Bangsa, Perlindungan dan Pemberdayaan Masyarakat', CURRENT_TIMESTAMP, NULL,1);
INSERT INTO skpd (id, nama, created_at, updated_at, status) VALUES ('6', 'Badan Pelayanan Perizinan Terpadu', CURRENT_TIMESTAMP, NULL,1);
INSERT INTO skpd (id, nama, created_at, updated_at, status) VALUES ('7', 'Badan Pemberdayaan Perempuan dan Keluarga Berencana', CURRENT_TIMESTAMP, NULL,1);
INSERT INTO skpd (id, nama, created_at, updated_at, status) VALUES ('8', 'Badan Pengelola Lingkungan Hidup', CURRENT_TIMESTAMP, NULL,1);
INSERT INTO skpd (id, nama, created_at, updated_at, status) VALUES ('9', 'Badan Perencanaan Pembangunan Daerah', CURRENT_TIMESTAMP, NULL,1);
INSERT INTO skpd (id, nama, created_at, updated_at, status) VALUES ('10', 'Bagian Hukum dan HAM', CURRENT_TIMESTAMP, NULL,1);
INSERT INTO skpd (id, nama, created_at, updated_at, status) VALUES ('11', 'Bagian Kesejahteraan Rakyat dan Kemasyarakatan', CURRENT_TIMESTAMP, NULL,1);
INSERT INTO skpd (id, nama, created_at, updated_at, status) VALUES ('12', 'Bagian Organisasi dan Pemberdayaan Aparatur Daerah', CURRENT_TIMESTAMP, NULL,1);
INSERT INTO skpd (id, nama, created_at, updated_at, status) VALUES ('13', 'Bagian Pembangunan dan Sumber Daya Alam (BPSDA)', CURRENT_TIMESTAMP, NULL,1);
INSERT INTO skpd (id, nama, created_at, updated_at, status) VALUES ('14', 'Bagian Pemerintahan Umum', CURRENT_TIMESTAMP, NULL,1);
INSERT INTO skpd (id, nama, created_at, updated_at, status) VALUES ('15', 'Bagian Tata Usaha Setda', CURRENT_TIMESTAMP, NULL,1);
INSERT INTO skpd (id, nama, created_at, updated_at, status) VALUES ('16', 'Bagian Umum dan Perlengkapan', CURRENT_TIMESTAMP, NULL,1);
INSERT INTO skpd (id, nama, created_at, updated_at, status) VALUES ('17', 'Dinas Bina Marga dan Pengairan', CURRENT_TIMESTAMP, NULL,1);
INSERT INTO skpd (id, nama, created_at, updated_at, status) VALUES ('18', 'Dinas Kebudayaan dan Pariwisata', CURRENT_TIMESTAMP, NULL,1);
INSERT INTO skpd (id, nama, created_at, updated_at, status) VALUES ('19', 'Dinas Kependudukan dan Pencatatan Sipil', CURRENT_TIMESTAMP, NULL,1);
INSERT INTO skpd (id, nama, created_at, updated_at, status) VALUES ('20', 'Dinas Kesehatan', CURRENT_TIMESTAMP, NULL,1);
INSERT INTO skpd (id, nama, created_at, updated_at, status) VALUES ('21', 'Dinas Komunikasi dan Informatika', CURRENT_TIMESTAMP, NULL,1);
INSERT INTO skpd (id, nama, created_at, updated_at, status) VALUES ('22', 'Dinas Koperasi, UKM dan Perindustrian Perdagangan', CURRENT_TIMESTAMP, NULL,1);
INSERT INTO skpd (id, nama, created_at, updated_at, status) VALUES ('23', 'Dinas Pelayanan Pajak Kota Bandung', CURRENT_TIMESTAMP, NULL,1);
INSERT INTO skpd (id, nama, created_at, updated_at, status) VALUES ('24', 'Dinas Pemakaman dan Pertamanan', CURRENT_TIMESTAMP, NULL,1);
INSERT INTO skpd (id, nama, created_at, updated_at, status) VALUES ('25', 'Dinas Pemuda dan Olah Raga', CURRENT_TIMESTAMP, NULL,1);
INSERT INTO skpd (id, nama, created_at, updated_at, status) VALUES ('26', 'Dinas Pencegahan dan Penanggulangan Kebakaran', CURRENT_TIMESTAMP, NULL,1);
INSERT INTO skpd (id, nama, created_at, updated_at, status) VALUES ('27', 'Dinas Pendidikan', CURRENT_TIMESTAMP, NULL,1);
INSERT INTO skpd (id, nama, created_at, updated_at, status) VALUES ('28', 'Dinas Pengelolaan Keuangan dan Aset Daerah', CURRENT_TIMESTAMP, NULL,1);
INSERT INTO skpd (id, nama, created_at, updated_at, status) VALUES ('29', 'Dinas Perhubungan', CURRENT_TIMESTAMP, NULL,1);
INSERT INTO skpd (id, nama, created_at, updated_at, status) VALUES ('30', 'Dinas Pertanian dan Ketahanan Pangan', CURRENT_TIMESTAMP, NULL,1);
INSERT INTO skpd (id, nama, created_at, updated_at, status) VALUES ('31', 'Dinas Sosial', CURRENT_TIMESTAMP, NULL,1);
INSERT INTO skpd (id, nama, created_at, updated_at, status) VALUES ('32', 'Dinas Tata Ruang dan Cipta Karya', CURRENT_TIMESTAMP, NULL,1);
INSERT INTO skpd (id, nama, created_at, updated_at, status) VALUES ('33', 'Dinas Tenaga Kerja', CURRENT_TIMESTAMP, NULL,1);
INSERT INTO skpd (id, nama, created_at, updated_at, status) VALUES ('34', 'Inspektorat', CURRENT_TIMESTAMP, NULL,1);
INSERT INTO skpd (id, nama, created_at, updated_at, status) VALUES ('35', 'Kantor Perpustakaan Umum & Arsip Daerah', CURRENT_TIMESTAMP, NULL,1);
INSERT INTO skpd (id, nama, created_at, updated_at, status) VALUES ('36', 'PD Air Minum Tirtawening', CURRENT_TIMESTAMP, NULL,1);
INSERT INTO skpd (id, nama, created_at, updated_at, status) VALUES ('37', 'PD Bank Perkreditan Rakyat Kota Bandung', CURRENT_TIMESTAMP, NULL,1);
INSERT INTO skpd (id, nama, created_at, updated_at, status) VALUES ('38', 'PD Kebersihan', CURRENT_TIMESTAMP, NULL,1);
INSERT INTO skpd (id, nama, created_at, updated_at, status) VALUES ('39', 'PD Pasar Bermartabat', CURRENT_TIMESTAMP, NULL,1);
INSERT INTO skpd (id, nama, created_at, updated_at, status) VALUES ('40', 'Rumah Sakit Khusus Gigi dan Mulut Kota Bandung', CURRENT_TIMESTAMP, NULL,1);
INSERT INTO skpd (id, nama, created_at, updated_at, status) VALUES ('41', 'Rumah Sakit Khusus Ibu dan Anak', CURRENT_TIMESTAMP, NULL,1);
INSERT INTO skpd (id, nama, created_at, updated_at, status) VALUES ('42', 'Rumah Sakit Umum Daerah Kota Bandung', CURRENT_TIMESTAMP, NULL,1);
INSERT INTO skpd (id, nama, created_at, updated_at, status) VALUES ('43', 'Satuan Polisi Pamong Praja', CURRENT_TIMESTAMP, NULL,1);
