Case #1:
1 1
2 2
Case #2:
2 2
1 1
Case #3:
1 3
2 3
1 3
2 3
Case #4:
2 5
1 5
1 5
2 5
1 5
1 5
1 5
1 5
Case #5:
1 9
1 9
1 9
1 9
1 9
1 9
1 9
1 9
1 9
1 9
1 9
1 9
1 9
1 9
1 9
1 9
Case #6:
1 1
2 3
2 3
2 3
Case #7:
1 9
1 9
1 9
1 9
1 9
1 9
1 9
1 9
1 9
1 9
1 9
1 9
1 9
1 9
1 9
1 9
Case #8:
1 9
1 9
1 9
1 9
1 9
1 9
1 9
3 9
1 9
1 9
1 9
1 9
1 9
1 9
1 9
1 9
Case #9:
1 9
1 9
1 9
1 9
1 9
1 9
1 9
1 9
1 9
1 9
1 9
1 9
1 9
1 9
1 9
1 9
Case #10:
1 9
1 9
1 9
2 9
1 9
1 9
1 9
1 9
1 9
1 9
1 9
1 9
1 9
3 9
1 9
1 9
Case #11:
1 1
2 2
Case #12:
3 3
2 3
1 1
2 3
Case #13:
1 9
1 9
1 9
1 9
1 9
1 9
1 9
1 9
1 9
1 9
1 9
1 9
1 9
1 9
1 9
1 9
Case #14:
1 9
1 9
1 9
1 9
1 9
1 9
1 9
1 9
1 9
1 9
1 9
1 9
1 9
1 9
1 9
1 9
Case #15:
1 3
2 3
2 3
1 3
Case #16:
2 2
1 1
Case #17:
1 1
2 2
Case #18:
1 5
2 5
1 5
1 5
1 5
3 5
1 5
1 5
Case #19:
1 5
1 5
1 5
1 5
1 5
1 5
3 5
1 5
Case #20:
3 3
1 3
1 3
1 3
Case #21:
1 9
1 9
1 9
1 9
1 9
1 9
1 9
1 9
1 9
1 9
1 9
1 9
1 9
1 9
1 9
1 9
Case #22:
1 1
2 2
Case #23:
2 3
3 3
2 3
1 1
Case #24:
1 9
1 9
1 9
1 9
1 9
1 9
1 9
1 9
1 9
1 9
1 9
1 9
1 9
1 9
1 9
1 9
Case #25:
1 9
1 9
1 9
1 9
1 9
1 9
1 9
1 9
1 9
1 9
1 9
1 9
1 9
1 9
1 9
1 9
Case #26:
2 5
1 5
1 5
1 5
1 5
1 5
1 5
1 5
Case #27:
3 3
1 1
2 3
2 3
Case #28:
3 3
1 3
1 3
1 3
Case #29:
1 1
2 3
2 3
2 3
Case #30:
2 2
1 1
Case #31:
1 1
2 2
Case #32:
2 3
2 3
1 1
3 3
Case #33:
1 9
1 9
1 9
1 9
1 9
1 9
1 9
1 9
1 9
1 9
1 9
1 9
1 9
1 9
1 9
1 9
Case #34:
1 5
3 5
1 5
1 5
2 5
1 5
1 5
2 5
Case #35:
2 3
3 3
1 1
2 3
Case #36:
2 3
1 3
2 3
1 3
Case #37:
1 5
1 5
1 5
1 5
1 5
1 5
1 5
2 5
Case #38:
1 1
2 3
3 3
2 3
Case #39:
1 5
1 5
1 5
2 5
1 5
1 5
1 5
1 5
Case #40:
1 5
1 5
2 5
1 5
1 5
1 5
1 5
1 5
Case #41:
1 9
1 9
1 9
1 9
1 9
1 9
1 9
1 9
1 9
1 9
1 9
1 9
1 9
1 9
1 9
1 9
Case #42:
2 5
1 5
1 5
1 5
1 5
1 5
1 5
1 5
Case #43:
2 3
2 3
1 1
2 3
Case #44:
1 9
1 9
1 9
1 9
1 9
1 9
1 9
1 9
1 9
1 9
1 9
1 9
1 9
1 9
2 9
1 9
Case #45:
1 5
1 5
3 5
1 5
1 5
2 5
1 5
2 5
Case #46:
2 5
1 5
3 5
1 5
1 5
3 5
1 5
1 5
Case #47:
2 5
1 5
1 5
2 5
1 5
1 5
1 5
1 5
Case #48:
1 5
1 5
2 5
1 5
2 5
1 5
1 5
1 5
Case #49:
2 5
2 5
2 5
1 1
2 5
2 5
2 5
2 5
Case #50:
1 9
1 9
1 9
1 9
1 9
1 9
1 9
1 9
1 9
1 9
1 9
1 9
1 9
1 9
2 9
1 9
Case #51:
2 3
2 3
2 3
1 1
Case #52:
2 2
1 1
Case #53:
1 9
1 9
1 9
1 9
1 9
1 9
1 9
1 9
1 9
1 9
1 9
1 9
1 9
1 9
1 9
1 9
Case #54:
2 3
1 1
3 3
2 3
Case #55:
2 2
1 1
Case #56:
1 9
1 9
1 9
1 9
1 9
1 9
1 9
1 9
1 9
1 9
1 9
1 9
1 9
1 9
1 9
1 9
Case #57:
2 2
1 1
Case #58:
1 9
1 9
1 9
1 9
1 9
1 9
1 9
1 9
1 9
1 9
1 9
1 9
1 9
1 9
1 9
1 9
Case #59:
1 5
1 5
1 5
1 5
1 5
2 5
1 5
3 5
Case #60:
1 9
1 9
1 9
1 9
1 9
1 9
1 9
1 9
1 9
1 9
1 9
1 9
1 9
1 9
1 9
1 9
Case #61:
1 5
1 5
1 5
1 5
1 5
1 5
1 5
3 5
Case #62:
1 3
1 3
2 3
2 3
Case #63:
2 3
1 3
1 3
2 3
Case #64:
1 1
2 2
Case #65:
1 5
1 5
1 5
2 5
2 5
1 5
3 5
1 5
Case #66:
1 1
2 2
Case #67:
1 5
1 5
1 5
2 5
1 5
1 5
1 5
1 5
Case #68:
1 5
1 5
1 5
3 5
1 5
1 5
1 5
1 5
Case #69:
1 9
2 9
1 9
1 9
1 9
1 9
1 9
1 9
2 9
1 9
1 9
1 9
1 9
1 9
1 9
1 9
Case #70:
1 3
1 3
2 3
2 3
Case #71:
2 3
1 1
3 3
2 3
Case #72:
2 3
2 3
1 3
1 3
Case #73:
1 1
2 3
3 3
2 3
Case #74:
1 3
2 3
1 3
2 3
Case #75:
1 9
1 9
1 9
1 9
1 9
1 9
1 9
1 9
1 9
1 9
1 9
1 9
1 9
1 9
1 9
1 9
Case #76:
2 3
2 3
1 3
1 3
Case #77:
1 1
2 2
Case #78:
2 3
2 3
1 3
1 3
Case #79:
1 1
2 3
2 3
2 3
Case #80:
2 3
2 3
2 3
1 1
Case #81:
2 3
1 3
2 3
1 3
Case #82:
1 9
1 9
1 9
2 9
1 9
1 9
1 9
1 9
1 9
1 9
1 9
1 9
1 9
1 9
1 9
1 9
Case #83:
1 1
2 2
Case #84:
1 9
1 9
1 9
1 9
1 9
1 9
1 9
1 9
1 9
1 9
1 9
1 9
1 9
1 9
1 9
1 9
Case #85:
1 5
1 5
2 5
1 5
2 5
1 5
2 5
2 5
Case #86:
2 3
1 1
2 3
2 3
Case #87:
2 9
1 9
1 9
1 9
1 9
1 9
1 9
1 9
1 9
1 9
1 9
1 9
1 9
1 9
1 9
1 9
Case #88:
2 2
1 1
Case #89:
2 2
1 1
Case #90:
2 2
1 1
Case #91:
1 1
2 2
Case #92:
2 5
3 5
1 5
1 5
2 5
1 5
1 5
1 5
Case #93:
2 5
2 5
2 5
1 1
2 5
2 5
2 5
2 5
Case #94:
1 5
3 5
1 5
1 5
1 5
1 5
1 5
1 5
Case #95:
2 2
1 1
Case #96:
3 5
1 5
1 5
1 5
1 5
1 5
1 5
1 5
Case #97:
1 5
2 5
2 5
1 5
1 5
2 5
3 5
1 5
Case #98:
1 5
3 5
1 5
1 5
1 5
1 5
3 5
1 5
Case #99:
1 5
1 5
3 5
1 5
1 5
2 5
1 5
1 5
Case #100:
1 9
1 9
1 9
1 9
1 9
1 9
1 9
1 9
1 9
1 9
1 9
1 9
1 9
1 9
1 9
1 9
Case #101:
2 2
1 1
Case #102:
2 5
1 5
1 5
1 5
1 5
2 5
1 5
1 5
Case #103:
1 9
1 9
1 9
1 9
1 9
1 9
1 9
1 9
1 9
1 9
1 9
1 9
1 9
1 9
1 9
1 9
Case #104:
2 3
1 3
1 3
2 3
Case #105:
2 3
2 3
1 1
2 3
Case #106:
1 1
2 2
Case #107:
1 9
1 9
1 9
1 9
1 9
1 9
1 9
1 9
1 9
1 9
1 9
1 9
1 9
1 9
1 9
1 9
Case #108:
1 3
1 3
1 3
3 3
Case #109:
1 5
1 5
1 5
1 5
1 5
1 5
2 5
2 5
Case #110:
1 5
2 5
1 5
1 5
1 5
1 5
2 5
1 5
Case #111:
1 5
1 5
2 5
1 5
3 5
1 5
1 5
1 5
Case #112:
1 5
1 5
1 5
1 5
1 5
1 5
1 5
1 5
Case #113:
1 5
1 5
2 5
1 5
2 5
5 5
1 5
1 5
Case #114:
2 3
3 3
2 3
1 1
Case #115:
2 2
1 1
Case #116:
1 9
1 9
1 9
1 9
1 9
1 9
1 9
1 9
1 9
2 9
1 9
1 9
1 9
1 9
1 9
1 9
Case #117:
3 3
2 3
1 1
2 3
Case #118:
1 1
2 2
Case #119:
1 5
3 5
1 5
1 5
1 5
2 5
1 5
1 5
Case #120:
1 1
2 2
Case #121:
1 3
1 3
3 3
1 3
Case #122:
1 9
1 9
1 9
1 9
1 9
1 9
1 9
1 9
1 9
1 9
1 9
1 9
1 9
1 9
1 9
1 9
Case #123:
1 1
2 3
3 3
2 3
Case #124:
1 9
1 9
1 9
1 9
1 9
1 9
1 9
1 9
1 9
1 9
1 9
1 9
1 9
1 9
1 9
1 9
Case #125:
2 2
1 1
Case #126:
1 3
2 3
1 3
2 3
Case #127:
1 1
2 3
2 3
3 3
Case #128:
1 5
2 5
1 5
1 5
1 5
1 5
5 5
1 5
Case #129:
3 3
1 1
2 3
2 3
Case #130:
2 5
5 5
1 5
1 5
1 5
2 5
2 5
1 5
Case #131:
1 5
1 5
1 5
1 5
1 5
2 5
1 5
1 5
Case #132:
1 5
1 5
2 5
2 5
1 5
1 5
1 5
1 5
Case #133:
2 5
2 5
2 5
1 5
1 5
1 5
2 5
2 5
Case #134:
1 5
1 5
1 5
1 5
1 5
1 5
1 5
2 5
Case #135:
1 1
2 2
Case #136:
1 9
1 9
1 9
1 9
1 9
1 9
1 9
1 9
1 9
1 9
1 9
1 9
1 9
1 9
1 9
2 9
Case #137:
1 5
1 5
1 5
2 5
2 5
2 5
2 5
3 5
Case #138:
1 3
2 3
1 3
2 3
Case #139:
1 1
2 2
Case #140:
2 3
1 1
2 3
3 3
Case #141:
1 3
1 3
1 3
3 3
Case #142:
2 3
3 3
1 1
2 3
Case #143:
3 5
2 5
1 5
1 5
1 5
1 5
1 5
2 5
Case #144:
2 2
1 1
Case #145:
1 9
1 9
1 9
1 9
1 9
1 9
1 9
1 9
1 9
1 9
1 9
1 9
1 9
1 9
1 9
1 9
Case #146:
1 5
1 5
2 5
1 5
2 5
1 5
1 5
2 5
Case #147:
2 3
1 1
2 3
2 3
Case #148:
1 3
1 3
1 3
3 3
Case #149:
1 1
2 2
Case #150:
2 2
1 1
Case #151:
1 3
2 3
1 3
2 3
Case #152:
1 5
2 5
2 5
1 5
1 5
2 5
1 5
1 5
Case #153:
2 2
1 1
Case #154:
1 1
2 2
Case #155:
2 2
1 1
Case #156:
1 9
1 9
1 9
1 9
1 9
1 9
1 9
1 9
1 9
1 9
1 9
1 9
1 9
1 9
1 9
1 9
Case #157:
1 5
3 5
1 5
1 5
1 5
1 5
1 5
1 5
Case #158:
1 9
1 9
1 9
1 9
1 9
3 9
1 9
1 9
1 9
1 9
1 9
1 9
1 9
1 9
1 9
1 9
Case #159:
1 5
2 5
1 5
2 5
1 5
1 5
1 5
1 5
Case #160:
1 9
1 9
1 9
1 9
1 9
1 9
1 9
1 9
1 9
1 9
1 9
1 9
1 9
1 9
1 9
1 9
Case #161:
2 5
3 5
1 1
2 5
2 5
2 5
2 5
2 5
Case #162:
1 5
1 5
1 5
1 5
1 5
2 5
1 5
2 5
Case #163:
1 9
1 9
1 9
1 9
1 9
1 9
1 9
1 9
1 9
1 9
1 9
1 9
1 9
1 9
1 9
1 9
Case #164:
1 1
2 2
Case #165:
2 3
1 1
3 3
2 3
Case #166:
1 5
1 5
1 5
1 5
1 5
1 5
2 5
1 5
Case #167:
2 3
1 3
2 3
1 3
Case #168:
1 5
1 5
1 5
3 5
1 5
1 5
2 5
1 5
Case #169:
1 5
1 5
1 5
1 5
1 5
1 5
2 5
1 5
Case #170:
3 3
1 3
1 3
1 3
Case #171:
1 3
2 3
1 3
2 3
Case #172:
2 5
2 5
2 5
3 5
2 5
3 5
2 5
1 1
Case #173:
3 3
1 3
1 3
1 3
Case #174:
2 3
1 1
2 3
3 3
Case #175:
2 2
1 1
Case #176:
1 3
2 3
2 3
1 3
Case #177:
1 3
2 3
2 3
1 3
Case #178:
1 3
1 3
2 3
2 3
Case #179:
1 1
2 3
2 3
2 3
Case #180:
1 9
1 9
1 9
1 9
1 9
1 9
1 9
1 9
1 9
1 9
1 9
1 9
1 9
1 9
1 9
1 9
Case #181:
2 2
1 1
Case #182:
2 3
3 3
1 1
2 3
Case #183:
1 1
2 2
Case #184:
2 2
1 1
Case #185:
1 9
1 9
1 9
1 9
1 9
1 9
1 9
1 9
1 9
1 9
1 9
1 9
1 9
1 9
1 9
1 9
Case #186:
3 3
1 1
2 3
2 3
Case #187:
2 2
1 1
Case #188:
1 9
1 9
1 9
1 9
1 9
1 9
1 9
1 9
1 9
1 9
1 9
1 9
1 9
1 9
1 9
1 9
Case #189:
2 3
1 3
1 3
2 3
Case #190:
1 9
1 9
1 9
1 9
1 9
1 9
1 9
1 9
1 9
1 9
1 9
1 9
1 9
1 9
1 9
1 9
Case #191:
1 1
2 2
Case #192:
2 5
1 5
1 5
1 5
5 5
1 5
1 5
1 5
Case #193:
1 1
2 2
Case #194:
1 1
2 2
Case #195:
1 1
2 2
Case #196:
1 1
2 2
Case #197:
1 1
2 2
Case #198:
2 2
1 1
Case #199:
1 3
1 3
3 3
1 3
Case #200:
1 5
1 5
2 5
1 5
1 5
1 5
2 5
1 5
Case #201:
2 5
1 5
1 5
1 5
3 5
1 5
1 5
1 5
Case #202:
2 3
3 3
1 1
2 3
Case #203:
2 2
1 1
Case #204:
2 3
1 1
2 3
2 3
Case #205:
2 5
2 5
2 5
1 1
2 5
2 5
2 5
2 5
Case #206:
1 9
1 9
1 9
1 9
1 9
1 9
1 9
1 9
1 9
1 9
1 9
1 9
1 9
1 9
1 9
2 9
Case #207:
1 5
1 5
2 5
1 5
1 5
1 5
1 5
1 5
Case #208:
2 3
1 1
2 3
2 3
Case #209:
2 5
3 5
2 5
1 1
2 5
2 5
2 5
2 5
Case #210:
2 3
2 3
2 3
1 1
Case #211:
2 3
2 3
2 3
1 1
Case #212:
1 9
1 9
1 9
1 9
1 9
1 9
1 9
1 9
1 9
1 9
1 9
1 9
1 9
1 9
1 9
1 9
Case #213:
1 3
1 3
2 3
2 3
Case #214:
1 1
2 2
Case #215:
1 5
1 5
1 5
1 5
1 5
2 5
1 5
1 5
Case #216:
1 5
1 5
1 5
1 5
1 5
2 5
1 5
1 5
Case #217:
1 9
1 9
1 9
1 9
1 9
1 9
1 9
1 9
1 9
1 9
1 9
2 9
1 9
1 9
1 9
1 9
Case #218:
2 5
1 5
1 5
1 5
1 5
1 5
1 5
1 5
Case #219:
1 5
3 5
1 5
1 5
1 5
1 5
2 5
2 5
Case #220:
3 5
1 5
2 5
1 5
1 5
1 5
1 5
1 5
Case #221:
3 3
1 1
2 3
2 3
Case #222:
1 9
1 9
1 9
1 9
1 9
1 9
1 9
1 9
1 9
1 9
1 9
1 9
1 9
1 9
1 9
1 9
Case #223:
5 5
3 5
3 5
1 5
1 5
2 5
1 5
1 5
Case #224:
2 2
1 1
Case #225:
1 5
2 5
2 5
1 5
2 5
1 5
1 5
2 5
Case #226:
1 5
1 5
1 5
2 5
2 5
1 5
2 5
1 5
Case #227:
2 2
1 1
Case #228:
2 2
1 1
Case #229:
1 5
1 5
1 5
1 5
1 5
1 5
3 5
2 5
Case #230:
2 2
1 1
Case #231:
2 5
2 5
2 5
2 5
2 5
2 5
2 5
1 1
Case #232:
2 2
1 1
Case #233:
1 1
2 2
Case #234:
1 5
1 5
2 5
2 5
1 5
1 5
1 5
1 5
Case #235:
1 9
1 9
2 9
1 9
1 9
1 9
1 9
1 9
1 9
1 9
1 9
1 9
1 9
1 9
1 9
1 9
Case #236:
3 3
1 3
1 3
1 3
Case #237:
1 5
1 5
2 5
1 5
1 5
3 5
2 5
2 5
Case #238:
1 3
2 3
1 3
2 3
Case #239:
3 3
2 3
1 1
2 3
Case #240:
1 1
2 3
2 3
3 3
Case #241:
1 5
2 5
1 5
1 5
1 5
1 5
1 5
1 5
Case #242:
2 2
1 1
Case #243:
3 3
1 3
1 3
1 3
Case #244:
1 3
3 3
1 3
1 3
Case #245:
1 1
2 2
Case #246:
1 5
1 5
3 5
2 5
1 5
1 5
1 5
1 5
Case #247:
3 3
2 3
1 1
2 3
Case #248:
2 3
1 3
2 3
1 3
Case #249:
1 9
1 9
1 9
1 9
1 9
1 9
1 9
1 9
1 9
1 9
1 9
1 9
1 9
1 9
1 9
1 9
Case #250:
1 3
1 3
2 3
2 3
