Case #1:
10000000000000000000000000000001 3 2 5 2 7 2 3 2 11
10100000000000000000000000000001 7 13 3 31 43 3 73 7 3
11100000000000000000000000000001 3 2 5 2 7 2 3 2 11
10010000000000000000000000000001 5 29 3 370061 11 3 23 101 3
10110000000000000000000000000001 3 2 5 2 7 2 3 2 11
11110000000000000000000000000001 241 7 43 181 5 13 11 23 7
11001000000000000000000000000001 3 2 5 2 7 2 3 2 11
10011000000000000000000000000001 3 2 5 2 7 2 3 2 7
11011000000000000000000000000001 7 5 31477 97 5 347 5 7 131
10111000000000000000000000000001 5 11 11 11 5 5 31 11 29
11111000000000000000000000000001 3 2 3 2 7 2 3 2 3
10000100000000000000000000000001 7 13 3 11 43 3 73 7 3
10100100000000000000000000000001 3 2 5 2 7 2 3 2 11
11100100000000000000000000000001 41 7725709 19 7 5 5701 7586543 628189 17
11010100000000000000000000000001 3 23531 191 3 5 11 3 523 61
11110100000000000000000000000001 5 2 3 2 17 2 5 2 3
10001100000000000000000000000001 3 2 5 2 7 2 3 2 11
11101100000000000000000000000001 3 2 3 2 7 2 3 2 3
11011100000000000000000000000001 13 2 3 2 53 2 17 2 3
10111100000000000000000000000001 3 2 3 2 7 2 3 2 3
11000010000000000000000000000001 3 2 5 2 7 2 3 2 11
11100010000000000000000000000001 701 19 393331 59 5 323951 317 677 13
10010010000000000000000000000001 3 2 5 2 7 2 3 2 11
11110010000000000000000000000001 3 2 3 2 7 2 3 2 3
11001010000000000000000000000001 7 7 53 11 5 7949 11 7 7
11101010000000000000000000000001 5 2 3 2 37 2 5 2 3
11011010000000000000000000000001 3 2 3 2 7 2 3 2 3
10111010000000000000000000000001 17 2 3 2 19 2 11 2 3
10000110000000000000000000000001 3 2 5 2 7 2 3 2 11
10100110000000000000000000000001 353 7 16755803 911 5 31 3851 151 7
11100110000000000000000000000001 3 2 3 2 7 2 3 2 3
11010110000000000000000000000001 5 2 3 2 37 2 5 2 3
10110110000000000000000000000001 3 2 3 2 7 2 3 2 3
10001110000000000000000000000001 13 373 113 7 5 53 139 31 23
11001110000000000000000000000001 3 2 3 2 7 2 3 2 3
10101110000000000000000000000001 5 2 3 2 37 2 5 2 3
11101110000000000000000000000001 127 7 43 1453 11 13 7 53 7
10011110000000000000000000000001 3 2 3 2 7 2 3 2 3
10111110000000000000000000000001 45139 1213 73 373 41411 17 7 2309 79
11111110000000000000000000000001 3 2 5 2 7 2 3 2 11
10100001000000000000000000000001 3 2 5 2 7 2 3 2 11
10110001000000000000000000000001 67 7 216751 103 5 32251 311 59747 7
11110001000000000000000000000001 829 2 3 2 137 2 71 2 3
10001001000000000000000000000001 3 2 5 2 7 2 3 2 11
10101001000000000000000000000001 5 859 19 47 5 5 11 4507 19
11101001000000000000000000000001 3 2 3 2 7 2 3 2 3
10011001000000000000000000000001 7 11 11 11 5 173 13 7 41
11011001000000000000000000000001 19 2 3 2 41 2 2251 2 3
10111001000000000000000000000001 3 2 3 2 7 2 3 2 3
11111001000000000000000000000001 5 7 7 39302357 3989 5 7 751 7
11000101000000000000000000000001 3 23 571 3 5 47 3 174907 47
10100101000000000000000000000001 3209 19 47 7 5 322249 29 7969729 373
11100101000000000000000000000001 5 2 3 2 37 2 5 2 3
11010101000000000000000000000001 1579 2 3 2 1310633 2 11 2 3
10110101000000000000000000000001 7 2 3 2 43 2 41 2 3
10001101000000000000000000000001 19 5 4013 811 5 137 5 47 17
11001101000000000000000000000001 283 2 3 2 13 2 61 2 3
10101101000000000000000000000001 3 2 3 2 7 2 3 2 3
11111101000000000000000000000001 251 2 7103 2 859 2 269 2 208631
10000011000000000000000000000001 3 2 5 2 7 2 3 2 11
11000011000000000000000000000001 7 14697373 167 17 5 11 19 7 2879
11100011000000000000000000000001 3 2 3 2 7 2 3 2 3
11010011000000000000000000000001 11 2 3 2 19 2 31 2 3
10110011000000000000000000000001 3 2 3 2 7 2 3 2 3
10001011000000000000000000000001 5 7 9923 3439201 5 5 41 7 7
11001011000000000000000000000001 3 2 3 2 7 2 3 2 3
10011011000000000000000000000001 3 2 3 2 7 2 3 2 3
11011011000000000000000000000001 5 13 353 7 181 5 7 79 277
11111011000000000000000000000001 3 2 5 2 7 2 3 2 11
10000111000000000000000000000001 17 3041 13 193 5 17 2593 7523531 19
11000111000000000000000000000001 5 2 3 2 37 2 5 2 3
10100111000000000000000000000001 3 2 3 2 7 2 3 2 3
11110111000000000000000000000001 23 2 8971 2 251 2 67 2 13
10001111000000000000000000000001 3 2 3 2 7 2 3 2 3
11001111000000000000000000000001 13 11 7 19 1451 101 7 156421 829
11101111000000000000000000000001 3 2 5 2 7 2 3 2 11
11011111000000000000000000000001 7 2 37 2 11 2 23 2 7
10111111000000000000000000000001 3 2 5 2 7 2 3 2 11
10000000100000000000000000000001 7 5 3 31 23 3 5 7 3
11000000100000000000000000000001 3 2 5 2 7 2 3 2 11
10100000100000000000000000000001 17 2 229 2 109 2 11 2 7
10010000100000000000000000000001 3 2 5 2 7 2 3 2 11
11010000100000000000000000000001 193 5 19 69317 5 41 5 139 7
10110000100000000000000000000001 5 17 43 7 5 5 59 440527 31
11110000100000000000000000000001 3 2 3 2 7 2 3 2 3
11001000100000000000000000000001 13 73 29 43 5 13 37 37 9901
10101000100000000000000000000001 3 5 11 3 5 2801 3 11 41
11101000100000000000000000000001 6863 2 3 2 23 2 2541439 2 3
11011000100000000000000000000001 3 2 3 2 7 2 3 2 3
10111000100000000000000000000001 7 2 3 2 43 2 73 2 3
11111000100000000000000000000001 41 5 7393 7 739 79 5 3739 61
10000100100000000000000000000001 3 2 5 2 7 2 3 2 11
11000100100000000000000000000001 5 29 59 7 5 5 1901 29 51257
11100100100000000000000000000001 3 2 3 2 7 2 3 2 3
10010100100000000000000000000001 13 5 23 33483311 5 941 5 17 53
11010100100000000000000000000001 7 2 3 2 43 2 73 2 3
10110100100000000000000000000001 3 2 3 2 7 2 3 2 3
11110100100000000000000000000001 89 7 1523 47 13 439 7 179 7
11001100100000000000000000000001 3 2 3 2 7 2 3 2 3
10101100100000000000000000000001 11 2 3 2 13 2 29 2 3
10011100100000000000000000000001 3 2 3 2 7 2 3 2 3
11111100100000000000000000000001 3 2 5 2 7 2 3 2 11
10000010100000000000000000000001 347 2 11149 2 19 2 5099 2 127
11000010100000000000000000000001 11 11 43717 57991 5 563 5503 1221167 13
10100010100000000000000000000001 3 1590917 29 3 5 17 3 179 283
11100010100000000000000000000001 5 2 3 2 13 2 5 2 3
11010010100000000000000000000001 3 2 3 2 7 2 3 2 3
10001010100000000000000000000001 3 5 73 3 5 1429 3 239 797
11001010100000000000000000000001 503 2 3 2 11 2 53 2 3
10101010100000000000000000000001 7 2 3 2 43 2 43 2 3
10011010100000000000000000000001 199 2 3 2 23 2 36795433 2 3
11111010100000000000000000000001 1523 2 11 2 103 2 23 2 7
11000110100000000000000000000001 3 2 3 2 7 2 3 2 3
10100110100000000000000000000001 5 2 3 2 37 2 5 2 3
10010110100000000000000000000001 3 2 3 2 7 2 3 2 3
11010110100000000000000000000001 37 941 37 7 163 17 7 2087 32359
11110110100000000000000000000001 3 2 5 2 7 2 3 2 11
10001110100000000000000000000001 7 2 3 2 43 2 73 2 3
11001110100000000000000000000001 5 7 113 3823 101027 5 7 454247 7
10101110100000000000000000000001 3 151 43 3 55987 29 3 23 239
11101110100000000000000000000001 11 2 29 2 17 2 113 2 151
11011110100000000000000000000001 3 2 5 2 7 2 3 2 11
10111110100000000000000000000001 47743 2 179 2 4167413 2 311 2 47
11111110100000000000000000000001 7 13 3 11 11 3 73 7 3
10000001100000000000000000000001 3 2 5 2 7 2 3 2 11
11100001100000000000000000000001 3 2 3 2 7 2 3 2 3
10010001100000000000000000000001 6793 7 1489 53 5 11 13 337 7
10110001100000000000000000000001 3 2 3 2 7 2 3 2 3
11110001100000000000000000000001 5 157 43633 11 23 5 7 17 47
10001001100000000000000000000001 31 11 11 11 5 223 17 11 41
11001001100000000000000000000001 3 2 3 2 7 2 3 2 3
10101001100000000000000000000001 19 2 3 2 11 2 233 2 3
10011001100000000000000000000001 3 2 3 2 7 2 3 2 3
11111001100000000000000000000001 3 2 5 2 7 2 3 2 11
10000101100000000000000000000001 137 5 499 7 5 1949 5 227 29
10100101100000000000000000000001 3 2 3 2 7 2 3 2 3
11100101100000000000000000000001 13591 71 89 23039 17 877 7 11 160253
10010101100000000000000000000001 7 2 3 2 13 2 73 2 3
11010101100000000000000000000001 3 5 83 3 11 277 3 23 523
11110101100000000000000000000001 17 2 13 2 5273 2 12024641 2 17
10001101100000000000000000000001 3 2 3 2 7 2 3 2 3
11001101100000000000000000000001 7 17 53 7 5433089 3989 7 7 241
11101101100000000000000000000001 3 2 5 2 7 2 3 2 11
10111101100000000000000000000001 3 2 5 2 7 2 3 2 11
10000011100000000000000000000001 5 1061 4339 2659 5 5 40458527 19 13
11000011100000000000000000000001 3 2 3 2 7 2 3 2 3
10100011100000000000000000000001 7 2 3 2 43 2 73 2 3
10010011100000000000000000000001 3 2 3 2 7 2 3 2 3
11010011100000000000000000000001 5 31 2897 1063 167 5 7 1193 41
11110011100000000000000000000001 3 2 5 2 7 2 3 2 11
11101011100000000000000000000001 23 2 337 2 11 2 13122817 2 1699
11011011100000000000000000000001 3 2 5 2 7 2 3 2 11
10111011100000000000000000000001 13 2 224299 2 89 2 5 2 7
10000111100000000000000000000001 3 2 3 2 7 2 3 2 3
11100111100000000000000000000001 3 2 5 2 7 2 3 2 7
10110111100000000000000000000001 3 2 5 2 7 2 3 2 11
11110111100000000000000000000001 7 13 3 19 19 3 73 7 3
10001111100000000000000000000001 17 5 843331 41 131 11 5 127 7
11001111100000000000000000000001 3 2 5 2 7 2 3 2 11
10011111100000000000000000000001 3 2 5 2 7 2 3 2 11
10111111100000000000000000000001 5 13 3 31 43 3 73 7 3
11111111100000000000000000000001 3 2 5 2 5 2 3 2 11
10100000010000000000000000000001 3 2 5 2 7 2 3 2 11
11100000010000000000000000000001 17 7 191 23 5 11 2837 709 7
10110000010000000000000000000001 31 11 11 11 5 17 31 11 41
11110000010000000000000000000001 5 2 3 2 37 2 5 2 3
10001000010000000000000000000001 3 2 5 2 7 2 3 2 7
11001000010000000000000000000001 5 349477 199 39373 5 5 30763 7 199
11101000010000000000000000000001 3 2 3 2 7 2 3 2 3
10011000010000000000000000000001 47 5 7 67 5 29 5 53173007 2341
10111000010000000000000000000001 3 2 3 2 7 2 3 2 3
11000100010000000000000000000001 3 5 991 3 5 59 3 23 3177149
11100100010000000000000000000001 7 2 3 2 43 2 73 2 3
10010100010000000000000000000001 3 7 13 3 5 43 3 73 7
11010100010000000000000000000001 19 2 3 2 19 2 97 2 3
10110100010000000000000000000001 5 2 3 2 37 2 5 2 3
10101100010000000000000000000001 3 2 3 2 7 2 3 2 3
11101100010000000000000000000001 13 5 59 19 17 1451 5 11 19
10011100010000000000000000000001 17 2 3 2 13 2 17 2 3
11011100010000000000000000000001 3 7 13 3 31 5 3 73 7
10000010010000000000000000000001 3 2 5 2 7 2 3 2 11
11000010010000000000000000000001 29 41 7 7 5 31 231901 149 18899
11100010010000000000000000000001 3 2 3 2 7 2 3 2 3
11010010010000000000000000000001 5 2 3 2 13 2 5 2 3
10110010010000000000000000000001 3 2 3 2 7 2 3 2 3
11001010010000000000000000000001 3 2 3 2 7 2 3 2 3
10101010010000000000000000000001 5 2 3 2 37 2 5 2 3
11101010010000000000000000000001 79 2819 541 17 33301 195319 7 1523 17
10011010010000000000000000000001 3 2 3 2 7 2 3 2 3
11111010010000000000000000000001 3 2 5 2 7 2 3 2 11
11000110010000000000000000000001 2621 2 3 2 316891 2 23 2 3
10100110010000000000000000000001 3 2 3 2 7 2 3 2 3
11100110010000000000000000000001 5 11 2053 7 509 5 7 113 214133
10010110010000000000000000000001 5 2 3 2 17 2 5 2 3
11110110010000000000000000000001 47 2 19 2 1997 2 11 2 31
10001110010000000000000000000001 3 2 3 2 7 2 3 2 3
11001110010000000000000000000001 71 5 19 19531 55987 29 5 61 239
10101110010000000000000000000001 19 97 113 101 23369 23 7 11 103
11101110010000000000000000000001 3 2 5 2 7 2 3 2 11
10111110010000000000000000000001 3 2 5 2 7 2 3 2 7
11000001010000000000000000000001 3 19 37 3 5 117307 3 7 19
11100001010000000000000000000001 5 2 3 2 11 2 5 2 3
10010001010000000000000000000001 3 11 7 3 5 5 3 11 17
10110001010000000000000000000001 823 2 3 2 17 2 827 2 3
11110001010000000000000000000001 3 29 19 3 195497 457 3 109 79
10001001010000000000000000000001 7 5 163 95190013 5 11 5 7 97
11001001010000000000000000000001 61 2 3 2 1601 2 1811 2 3
10101001010000000000000000000001 3 2 3 2 7 2 3 2 3
11101001010000000000000000000001 2029 7 7 37 13109 5184323 7 53 7
10011001010000000000000000000001 11 2 3 2 753947 2 367 2 3
11011001010000000000000000000001 3 5 15149 3 59 37 3 29 223
10000101010000000000000000000001 3 29 13337 3 5 193 3 457 398477
11000101010000000000000000000001 11 2 3 2 5039 2 67 2 3
10100101010000000000000000000001 5 2 3 2 37 2 5 2 3
11110101010000000000000000000001 5 2 17 2 37 2 5 2 7
11001101010000000000000000000001 3 31 7 3 11 5 3 11 17
10011101010000000000000000000001 3 5 13 3 31 43 3 53 7
11011101010000000000000000000001 7 2 59 2 13 2 11 2 61
11000011010000000000000000000001 5 2 3 2 37 2 5 2 3
10100011010000000000000000000001 3 2 3 2 7 2 3 2 3
11010011010000000000000000000001 3 41 5564003 3 71059 59 3 13 31
11110011010000000000000000000001 83 2 7 2 58237 2 41 2 19
10001011010000000000000000000001 3 2 3 2 7 2 3 2 3
11101011010000000000000000000001 3 2 5 2 7 2 3 2 11
10011011010000000000000000000001 5 5336563 1009 136711 67 5 7 13 2459
11011011010000000000000000000001 11 2 585443 2 71 2 17 2 59
10111011010000000000000000000001 3 2 5 2 7 2 3 2 11
10000111010000000000000000000001 5 2 3 2 29 2 5 2 3
11000111010000000000000000000001 3 11 419 3 859 17 3 17 30169
11100111010000000000000000000001 19 2 11 2 23 2 53 2 13
11010111010000000000000000000001 5 2 7 2 37 2 5 2 17
11110111010000000000000000000001 3 23 3 3 13 3 3 937 3
11001111010000000000000000000001 7 2 27505433 2 17 2 107 2 7
10101111010000000000000000000001 3 2 5 2 7 2 3 2 11
11111111010000000000000000000001 5 2 17 2 5 2 5 2 101
10000000110000000000000000000001 3 2 5 2 7 2 3 2 11
10100000110000000000000000000001 23 11 11 7 5 67 31 11 23
11100000110000000000000000000001 3 2 3 2 7 2 3 2 3
10010000110000000000000000000001 1877 5 43 41 5 7207 5 19 499
10110000110000000000000000000001 3 2 3 2 7 2 3 2 3
10001000110000000000000000000001 11 5443 173 1697 5 31 107 181 18691
11001000110000000000000000000001 3 2 3 2 7 2 3 2 3
10101000110000000000000000000001 7 2 3 2 43 2 11 2 3
10011000110000000000000000000001 3 2 3 2 7 2 3 2 3
11011000110000000000000000000001 13 11 73 89 13 13 7 6481 17
10111000110000000000000000000001 173 5 19 149 19 163 5 11328017 7
11111000110000000000000000000001 3 2 5 2 7 2 3 2 11
11000100110000000000000000000001 7 2 3 2 43 2 73 2 3
10100100110000000000000000000001 3 2 3 2 7 2 3 2 3
10010100110000000000000000000001 4517 2 3 2 41 2 71671 2 3
10001100110000000000000000000001 3 2 3 2 7 2 3 2 3
11101100110000000000000000000001 3 2 5 2 7 2 3 2 11
11011100110000000000000000000001 163 2 53 2 17 2 5 2 229
10111100110000000000000000000001 3 2 5 2 7 2 3 2 11
11111100110000000000000000000001 5 13 3 31 43 3 73 7 3
10000010110000000000000000000001 17 4251703 103 4129 5 41 43 8970263 17
11000010110000000000000000000001 3 2 3 2 7 2 3 2 3
10100010110000000000000000000001 5 2 3 2 37 2 5 2 3
10010010110000000000000000000001 3 2 3 2 7 2 3 2 3
11110010110000000000000000000001 3 2 5 2 7 2 3 2 11
10001010110000000000000000000001 13 2 3 2 139 2 373 2 3
11001010110000000000000000000001 5 23 211 263 17 5 7 79 8293
10101010110000000000000000000001 3 83 67 3 13 82657 3 31 919
10011010110000000000000000000001 7 5 634273 29 1997 743 5 7 53
11011010110000000000000000000001 3 2 5 2 7 2 3 2 11
10000110110000000000000000000001 3 2 3 2 7 2 3 2 3
11000110110000000000000000000001 17 5 283 7 11 113 5 19 2689
11100110110000000000000000000001 3 2 5 2 7 2 3 2 11
10010110110000000000000000000001 29 1213 7 569 26683 13 7 80489 223
10110110110000000000000000000001 3 2 5 2 7 2 3 2 11
11110110110000000000000000000001 11 7 3 11 59 3 17 31 3
10001110110000000000000000000001 5 37 43 11 109 5 7 47 239
11001110110000000000000000000001 3 2 5 2 7 2 3 2 11
11101110110000000000000000000001 7 5 3 31 43 3 5 7 3
10011110110000000000000000000001 3 2 5 2 7 2 3 2 7
11011110110000000000000000000001 5 17 3 87517 181 3 113 43 3
11111110110000000000000000000001 3 2 5 2 5 2 3 2 11
10000001110000000000000000000001 31 5 11 11 5 1277 5 11 7
11000001110000000000000000000001 67 2 3 2 17 2 97 2 3
10100001110000000000000000000001 3 2 3 2 7 2 3 2 3
11100001110000000000000000000001 3659 880027 53 79 49550063 16127 7 509 53
10010001110000000000000000000001 19 2 3 2 61 2 11 2 3
11110001110000000000000000000001 71 2 2215159 2 11 2 19 2 83
10001001110000000000000000000001 3 2 3 2 7 2 3 2 3
11001001110000000000000000000001 83 7 7 409 29 61 7 23 7
11101001110000000000000000000001 3 2 5 2 7 2 3 2 11
10011001110000000000000000000001 22037 19 47 13 852641 11 7 577 139
10111001110000000000000000000001 3 2 5 2 7 2 3 2 11
11111001110000000000000000000001 17 5 3 1889 3593 3 5 419 3
10000101110000000000000000000001 7 2 3 2 43 2 73 2 3
11100101110000000000000000000001 13 2 13 2 51241 2 29 2 1126847
10110101110000000000000000000001 17 2 421 2 13417 2 47 2 397
11110101110000000000000000000001 3 13 3 3 43 3 3 7 3
10101101110000000000000000000001 3 2 5 2 7 2 3 2 11
10011101110000000000000000000001 5 2 19 2 59 2 1536221 2 31
11011101110000000000000000000001 3 3504689 3 3 11 3 3 125899 3
10111101110000000000000000000001 7 5 3 23 17 3 5 7 3
11111101110000000000000000000001 31 2 11 2 5 2 31 2 41
10000011110000000000000000000001 3 2 3 2 7 2 3 2 3
11100011110000000000000000000001 3 2 5 2 7 2 3 2 11
10010011110000000000000000000001 5 7 19 16186039 13 5 7 7 7
10110011110000000000000000000001 3 2 5 2 7 2 3 2 11
11110011110000000000000000000001 149 11 3 314933 17 3 67 47 3
11001011110000000000000000000001 3 2 5 2 7 2 3 2 11
10101011110000000000000000000001 18587 2 53 2 17 2 15009523 2 7
10011011110000000000000000000001 3 2 5 2 7 2 3 2 11
10111011110000000000000000000001 5 14519 3 7 181 3 53 82051 3
11111011110000000000000000000001 3 2 5 2 5 2 3 2 11
11000111110000000000000000000001 227 2 191 2 13 2 1726993 2 13
10100111110000000000000000000001 3 2 5 2 7 2 3 2 11
11100111110000000000000000000001 7 13 3 31 11 3 73 7 3
11010111110000000000000000000001 3 4598921 3 3 19739 3 3 6997 3
10110111110000000000000000000001 19 7 3 73 23 3 1938983 2069 3
11110111110000000000000000000001 5 2 13 2 5 2 5 2 43
10001111110000000000000000000001 3 2 5 2 7 2 3 2 11
11001111110000000000000000000001 5 199 3 7 43023389 3 11 17 3
10101111110000000000000000000001 7 13 3 31 43 3 17 7 3
11101111110000000000000000000001 3 2 5 2 5 2 3 2 11
11011111110000000000000000000001 37 2 3301 2 5 2 523 2 1063
10111111110000000000000000000001 3 2 5 2 5 2 3 2 11
11000000001000000000000000000001 3 2 5 2 7 2 3 2 11
10010000001000000000000000000001 3 2 5 2 7 2 3 2 7
11010000001000000000000000000001 7 211 37 841189 5 79 101 7 1567
11110000001000000000000000000001 3 2 3 2 7 2 3 2 3
10101000001000000000000000000001 3 7 13 3 5 29 3 17 7
11101000001000000000000000000001 5 2 3 2 37 2 5 2 3
10011000001000000000000000000001 5 19 29 53 5 5 214021 7 233113
11011000001000000000000000000001 3 2 3 2 7 2 3 2 3
10111000001000000000000000000001 101 2 3 2 607 2 293989 2 3
11111000001000000000000000000001 11 47 7 37 41 13 7 313 23
10000100001000000000000000000001 3 2 5 2 7 2 3 2 11
11100100001000000000000000000001 3 2 3 2 7 2 3 2 3
10010100001000000000000000000001 19 491 11 19 5 131 383 29 17
11010100001000000000000000000001 5 2 3 2 37 2 5 2 3
10110100001000000000000000000001 3 2 3 2 7 2 3 2 3
11001100001000000000000000000001 3 2 3 2 7 2 3 2 3
10101100001000000000000000000001 5 2 3 2 37 2 5 2 3
10011100001000000000000000000001 3 2 3 2 7 2 3 2 3
11111100001000000000000000000001 3 2 5 2 7 2 3 2 7
10100010001000000000000000000001 3 71 23 3 5 5 3 101 2087
11100010001000000000000000000001 11 2 3 2 4813 2 14891 2 3
11010010001000000000000000000001 3 2 3 2 7 2 3 2 3
10001010001000000000000000000001 3 167 1229 3 5 47 3 7 61
11001010001000000000000000000001 5 2 3 2 13 2 5 2 3
10011010001000000000000000000001 17 2 3 2 103 2 17 2 3
10111010001000000000000000000001 3 5 13 3 31 43 3 73 7
11000110001000000000000000000001 3 2 3 2 7 2 3 2 3
10100110001000000000000000000001 7 2 3 2 43 2 73 2 3
11100110001000000000000000000001 233 5 71 67 190543 593 5 271 7
10010110001000000000000000000001 3 2 3 2 7 2 3 2 3
11110110001000000000000000000001 3 2 5 2 7 2 3 2 11
10001110001000000000000000000001 5 2 3 2 19 2 5 2 3
11001110001000000000000000000001 307 64301 7 7 17 17 7 2633 1847
10101110001000000000000000000001 3 379 11 3 13 80690723 3 353 59
10011110001000000000000000000001 47 1453 113 43 131 11 7 1237 173
11011110001000000000000000000001 3 2 5 2 7 2 3 2 11
10111110001000000000000000000001 953 2 29 2 1048919 2 11 2 1097
11111110001000000000000000000001 13 464843 3 4019 431 3 79 19 3
10000001001000000000000000000001 3 2 5 2 7 2 3 2 11
11100001001000000000000000000001 3 2 3 2 7 2 3 2 3
10010001001000000000000000000001 7 61 3187 16879 5 241259 29 7 36209
10110001001000000000000000000001 3 2 3 2 7 2 3 2 3
11110001001000000000000000000001 13 5 7 23 101 229 5 11 7
10001001001000000000000000000001 5 149 47 8123 5 5 137 13 73061
11001001001000000000000000000001 3 2 3 2 7 2 3 2 3
10101001001000000000000000000001 16567 2 3 2 2053 2 9719 2 3
11101001001000000000000000000001 41 53 293 11 11 11 7 19 19
10011001001000000000000000000001 3 2 3 2 7 2 3 2 3
11011001001000000000000000000001 5 18443 22273 17 5953 5 7 2143 151
10111001001000000000000000000001 431 17 7 43 1811 49312349 7 17 1802621
11111001001000000000000000000001 3 2 5 2 7 2 3 2 11
11000101001000000000000000000001 5 2 3 2 17 2 5 2 3
10100101001000000000000000000001 3 2 3 2 7 2 3 2 3
11100101001000000000000000000001 7 19 4690667 7 647 643 7 7 235057
10010101001000000000000000000001 11 2 3 2 719 2 23 2 3
11010101001000000000000000000001 3 6043 7 3 401 29 3 3996763 139
10001101001000000000000000000001 3 2 3 2 7 2 3 2 3
10101101001000000000000000000001 7 85333 83 23 19 2273 7 7 17
11101101001000000000000000000001 3 2 5 2 7 2 3 2 11
10011101001000000000000000000001 5 829 7 937 56359 5 7 223 2895881
10111101001000000000000000000001 3 2 5 2 7 2 3 2 7
10000011001000000000000000000001 7 5 1217 43 5 107 5 7 7
11000011001000000000000000000001 3 2 3 2 7 2 3 2 3
11100011001000000000000000000001 5 7753 7 17 83 5 7 367 13
10010011001000000000000000000001 3 2 3 2 7 2 3 2 3
11010011001000000000000000000001 31 5 27851 7 283 449 5 58363 61
11110011001000000000000000000001 3 2 5 2 7 2 3 2 11
11101011001000000000000000000001 16319 2 11 2 19 2 23 2 7487
11011011001000000000000000000001 3 2 5 2 7 2 3 2 11
10111011001000000000000000000001 5 2 149 2 13 2 251 2 71
10000111001000000000000000000001 3 2 3 2 7 2 3 2 3
10100111001000000000000000000001 5 7 29 79 577 5 7 97 7
11100111001000000000000000000001 3 2 5 2 7 2 3 2 11
10110111001000000000000000000001 3 2 5 2 7 2 3 2 11
11001111001000000000000000000001 3 2 5 2 7 2 3 2 11
10101111001000000000000000000001 23 2 624259 2 17 2 35911 2 61
11101111001000000000000000000001 17 7 3 103 13 3 11 11 3
10011111001000000000000000000001 3 2 5 2 7 2 3 2 11
11111111001000000000000000000001 3 2 5 2 5 2 3 2 11
10000000101000000000000000000001 17 2 70459 2 59 2 71 2 2609
11100000101000000000000000000001 5 2 3 2 37 2 5 2 3
10010000101000000000000000000001 5 23 19 43 5 5 251 16699 19
11010000101000000000000000000001 3 2 3 2 7 2 3 2 3
10110000101000000000000000000001 7 2 3 2 43 2 23 2 3
10001000101000000000000000000001 3 5 13 3 5 43 3 37 7
10101000101000000000000000000001 67 2 3 2 6330881 2 17 2 3
11101000101000000000000000000001 3 41 383 3 136849 41 3 7 67
10011000101000000000000000000001 8969 2 3 2 1032107 2 29 2 3
10111000101000000000000000000001 3 883 23 3 3719 5 3 1637 17
11000100101000000000000000000001 3 2 3 2 7 2 3 2 3
10100100101000000000000000000001 5 2 3 2 37 2 5 2 3
10010100101000000000000000000001 3 2 3 2 7 2 3 2 3
11110100101000000000000000000001 3 2 5 2 7 2 3 2 11
10001100101000000000000000000001 23 2 3 2 11 2 43 2 3
10101100101000000000000000000001 3 7 13 3 31 17 3 73 7
11011100101000000000000000000001 3 2 5 2 7 2 3 2 7
10000010101000000000000000000001 3 281 1063 3 5 1601 3 23 233
11000010101000000000000000000001 5 2 3 2 37 2 5 2 3
10100010101000000000000000000001 7 2 3 2 43 2 73 2 3
10010010101000000000000000000001 577 2 3 2 13 2 131 2 3
10110010101000000000000000000001 3 5 29 3 277 11 3 349 23
11110010101000000000000000000001 11 2 27989677 2 17 2 29 2 7
11001010101000000000000000000001 3 3761 7 3 523 73 3 11959 241823
10101010101000000000000000000001 83 797 5 19793 17 479 7 5 19
11101010101000000000000000000001 5 2 17 2 13 2 5 2 101
10011010101000000000000000000001 3 7 11 3 31 5 3 73 7
11111010101000000000000000000001 3 19 3 3 19 3 3 599 3
10000110101000000000000000000001 5 2 3 2 17 2 5 2 3
11000110101000000000000000000001 11 7 103 11 13 62687 7 11 7
10010110101000000000000000000001 43 67 97 347 3041 29147 7 17 1283
11010110101000000000000000000001 3 2 5 2 7 2 3 2 11
11110110101000000000000000000001 7 13 3 31 43 3 73 7 3
10001110101000000000000000000001 3 3011 8329 3 23 13 3 149 71
10101110101000000000000000000001 5 2 17 2 37 2 5 2 29
11101110101000000000000000000001 3 227 3 3 29 3 3 379 3
10011110101000000000000000000001 97 2 10367897 2 83 2 69151 2 23
10111110101000000000000000000001 3 7 3 3 31 3 3 7 3
11111110101000000000000000000001 5 2 17 2 5 2 5 2 17
11000001101000000000000000000001 3 2 3 2 7 2 3 2 3
10100001101000000000000000000001 29 2 3 2 17 2 37 2 3
10010001101000000000000000000001 3 2 3 2 7 2 3 2 3
11010001101000000000000000000001 5 7 7 2239 79 5 7 17 7
11110001101000000000000000000001 3 2 5 2 7 2 3 2 11
10101001101000000000000000000001 3 4603 20521 3 41659 5 3 7 18959
11101001101000000000000000000001 19 2 23 2 241 2 5879 2 7
11011001101000000000000000000001 3 2 5 2 7 2 3 2 11
11111001101000000000000000000001 5 41 3 7 11 3 27509 443 3
10000101101000000000000000000001 3 2 3 2 7 2 3 2 3
10100101101000000000000000000001 11 97 31 5237 71 13 7 29537 59
11100101101000000000000000000001 3 2 5 2 7 2 3 2 11
10110101101000000000000000000001 3 2 5 2 7 2 3 2 11
11001101101000000000000000000001 3 2 5 2 7 2 3 2 11
11101101101000000000000000000001 37 11 3 34471 12379 3 59 151 3
10011101101000000000000000000001 3 2 5 2 7 2 3 2 7
11111101101000000000000000000001 3 2 5 2 5 2 3 2 11
10010011101000000000000000000001 311 11 151 617 53 17 7 29 23531
11010011101000000000000000000001 3 2 5 2 7 2 3 2 11
10110011101000000000000000000001 5 2 227 2 67 2 32569 2 7
11110011101000000000000000000001 743 5 3 383 1433 3 5 17 3
10001011101000000000000000000001 3 277 7 3 13 5 3 163171 119677
10101011101000000000000000000001 41 2 254083 2 113 2 29 2 181
11101011101000000000000000000001 3 71 3 3 1743527 3 3 79605557 3
10011011101000000000000000000001 7 2 1553 2 81173 2 5 2 59
10111011101000000000000000000001 3 387109 3 3 1064281 3 3 83 3
10000111101000000000000000000001 8963 7 1747 11621 11 151 7 191 7
11000111101000000000000000000001 3 2 5 2 7 2 3 2 11
10100111101000000000000000000001 113 2 23 2 823 2 479 2 907583
11100111101000000000000000000001 11 29 3 2141 4153 3 29 1451 3
10010111101000000000000000000001 3 2 5 2 7 2 3 2 11
11010111101000000000000000000001 2377 53 3 7 84405589 3 37 28237009 3
10110111101000000000000000000001 7 5 3 19 13 3 5 7 3
11110111101000000000000000000001 3 2 5 2 5 2 3 2 11
10001111101000000000000000000001 11 2 19 2 41 2 233 2 167
11101111101000000000000000000001 5 2 17 2 5 2 5 2 101
11011111101000000000000000000001 3 2 5 2 5 2 3 2 11
11111111101000000000000000000001 23 23 11 17 23 67 11 23 21649
10000000011000000000000000000001 3 2 5 2 7 2 3 2 7
11000000011000000000000000000001 7 53 43 19 5 17 421 7 109
11100000011000000000000000000001 3 2 3 2 7 2 3 2 3
11010000011000000000000000000001 5 2 3 2 37 2 5 2 3
10110000011000000000000000000001 3 2 3 2 7 2 3 2 3
10001000011000000000000000000001 7 17 97 83 5 29 28387 7 263
11001000011000000000000000000001 3 2 3 2 7 2 3 2 3
10101000011000000000000000000001 5 2 3 2 17 2 5 2 3
10011000011000000000000000000001 3 2 3 2 7 2 3 2 3
11111000011000000000000000000001 3 2 5 2 7 2 3 2 11
11000100011000000000000000000001 313 2 3 2 11 2 107 2 3
10100100011000000000000000000001 3 2 3 2 7 2 3 2 3
10010100011000000000000000000001 5 2 3 2 19 2 5 2 3
11010100011000000000000000000001 3 7 13 3 31 43 3 73 7
10001100011000000000000000000001 3 2 3 2 7 2 3 2 3
11101100011000000000000000000001 3 2 5 2 7 2 3 2 7
10011100011000000000000000000001 53 11 197 37 11 541 7 31 19
11011100011000000000000000000001 7 2 11 2 107 2 101 2 71
10111100011000000000000000000001 3 2 5 2 7 2 3 2 11
11111100011000000000000000000001 67 37 3 23 53 3 11 89 3
11000010011000000000000000000001 3 2 3 2 7 2 3 2 3
10010010011000000000000000000001 3 2 3 2 7 2 3 2 3
10110010011000000000000000000001 5 557 47 173 23 5 7 7 80612717
11110010011000000000000000000001 3 2 5 2 7 2 3 2 11
