Case #1:
1000000000000001 3 2 5 2 7 2 3 2 7
1110000000000001 3 2 5 2 7 2 3 2 11
1001000000000001 5 11 3 19 17 3 313 19 3
1011000000000001 3 2 5 2 7 2 3 2 11
1000100000000001 37 5 3 43 107 3 5 11 3
1100100000000001 3 2 5 2 7 2 3 2 7
1001100000000001 3 2 5 2 7 2 3 2 11
1111100000000001 3 2 3 2 7 2 3 2 3
1010010000000001 3 2 5 2 7 2 3 2 7
1101010000000001 3 7 11 3 5 23 3 73 7
1111010000000001 5 2 3 2 17 2 5 2 3
1000110000000001 3 2 5 2 7 2 3 2 11
1100110000000001 5 199 10781 47 5 5 18521 29 2399
1110110000000001 3 2 3 2 7 2 3 2 3
1101110000000001 17 2 3 2 29 2 11 2 3
1011110000000001 3 2 3 2 7 2 3 2 3
1100001000000001 3 2 5 2 7 2 3 2 11
1010001000000001 67 2 7 2 2083 2 557 2 107
1001001000000001 3 2 5 2 7 2 3 2 7
1111001000000001 3 2 3 2 7 2 3 2 3
1000101000000001 7 2 59 2 73 2 137 2 1163
1010101000000001 3 7 13 3 5 43 3 73 7
1110101000000001 5 2 3 2 37 2 5 2 3
1101101000000001 3 2 3 2 7 2 3 2 3
1011101000000001 17 2 3 2 1297 2 17 2 3
1111101000000001 7 4441 2129 152389 131 224911 7 7 241
1000011000000001 3 2 5 2 7 2 3 2 11
1110011000000001 3 2 3 2 7 2 3 2 3
1101011000000001 5 2 3 2 37 2 5 2 3
1011011000000001 3 2 3 2 7 2 3 2 3
1111011000000001 71 19 7 17 11 41 7 16879 373
1100111000000001 3 2 3 2 7 2 3 2 3
1010111000000001 5 2 3 2 37 2 5 2 3
1001111000000001 3 2 3 2 7 2 3 2 3
1011111000000001 127 1093 7 19531 55987 17 7 107 23
1111111000000001 3 2 5 2 7 2 3 2 7
1000000100000001 5 19 3 281 71 3 17 691399 3
1010000100000001 3 2 5 2 7 2 3 2 11
1001000100000001 7 2 29153 2 13 2 5 2 7187
1101000100000001 3 1061 7 3 5 5 3 5086087 401
1111000100000001 103 2 3 2 383 2 827 2 3
1000100100000001 3 2 5 2 7 2 3 2 7
1100100100000001 7 5 467 101 5 151 5 7 47
1110100100000001 3 2 3 2 7 2 3 2 3
1001100100000001 13 17 7 73 5 229 11 883 239417
1101100100000001 73 2 3 2 11 2 2969 2 3
1011100100000001 3 2 3 2 7 2 3 2 3
1000010100000001 79 2 89 2 349 2 107 2 359
1110010100000001 5 2 3 2 37 2 5 2 3
1001010100000001 3 7 13 3 5 5 3 73 7
